Log file open, 01/25/19 14:58:19
LogWindows: Failed to load 'aqProf.dll' (GetLastError=126)
LogWindows: File 'aqProf.dll' does not exist
LogWindows: Failed to load 'VSPerf140.dll' (GetLastError=126)
LogWindows: File 'VSPerf140.dll' does not exist
LogWindows: Failed to load 'VtuneApi.dll' (GetLastError=126)
LogWindows: File 'VtuneApi.dll' does not exist
LogWindows: Failed to load 'VtuneApi32e.dll' (GetLastError=126)
LogWindows: File 'VtuneApi32e.dll' does not exist
LogInit: Display: Running engine for game: BK_InClassWhiteBox
LogPlatformFile: Not using cached read wrapper
LogTaskGraph: Started task graph with 5 named threads and 23 total threads with 3 sets of task threads.
LogStats: Stats thread started at 0.262919
LogD3D11RHI: Loaded GFSDK_Aftermath_Lib.x64.dll
LogICUInternationalization: Display: ICU TimeZone Detection - Raw Offset: -7:00, Platform Override: ''
LogPluginManager: Mounting plugin Paper2D
LogPluginManager: Mounting plugin AISupport
LogPluginManager: Mounting plugin LightPropagationVolume
LogPluginManager: Mounting plugin CLionSourceCodeAccess
LogPluginManager: Mounting plugin CodeLiteSourceCodeAccess
LogPluginManager: Mounting plugin GitSourceControl
LogPluginManager: Mounting plugin KDevelopSourceCodeAccess
LogPluginManager: Mounting plugin NullSourceCodeAccess
LogPluginManager: Mounting plugin PerforceSourceControl
LogPluginManager: Mounting plugin SubversionSourceControl
LogPluginManager: Mounting plugin UObjectPlugin
LogPluginManager: Mounting plugin VisualStudioCodeSourceCodeAccess
LogPluginManager: Mounting plugin VisualStudioSourceCodeAccess
LogPluginManager: Mounting plugin XCodeSourceCodeAccess
LogPluginManager: Mounting plugin AssetManagerEditor
LogPluginManager: Mounting plugin CryptoKeys
LogPluginManager: Mounting plugin DataValidation
LogPluginManager: Mounting plugin FacialAnimation
LogPluginManager: Mounting plugin GameplayTagsEditor
LogPluginManager: Mounting plugin MacGraphicsSwitching
LogPluginManager: Mounting plugin MeshEditor
LogPluginManager: Mounting plugin MobileLauncherProfileWizard
LogPluginManager: Mounting plugin PluginBrowser
LogPluginManager: Mounting plugin SpeedTreeImporter
LogPluginManager: Mounting plugin DatasmithContent
LogPluginManager: Mounting plugin AlembicImporter
LogPluginManager: Mounting plugin AppleImageUtils
LogPluginManager: Mounting plugin AppleVision
LogPluginManager: Mounting plugin BackChannel
LogPluginManager: Mounting plugin CharacterAI
LogPluginManager: Mounting plugin GeometryCache
LogPluginManager: Mounting plugin HTML5Networking
LogPluginManager: Mounting plugin ProxyLODPlugin
LogPluginManager: Mounting plugin MagicLeap
LogPluginManager: Mounting plugin MagicLeapEmulator
LogPluginManager: Mounting plugin MagicLeapMedia
LogPluginManager: Mounting plugin AndroidMedia
LogPluginManager: Mounting plugin AvfMedia
LogPluginManager: Mounting plugin ImgMedia
LogPluginManager: Mounting plugin LinearTimecode
LogPluginManager: Mounting plugin MediaCompositing
LogPluginManager: Mounting plugin MediaPlayerEditor
LogPluginManager: Mounting plugin WmfMedia
LogPluginManager: Mounting plugin TcpMessaging
LogPluginManager: Mounting plugin UdpMessaging
LogPluginManager: Mounting plugin ActorSequence
LogPluginManager: Mounting plugin LevelSequenceEditor
LogPluginManager: Mounting plugin MatineeToLevelSequence
LogPluginManager: Mounting plugin NetcodeUnitTest
LogPluginManager: Mounting plugin NUTUnrealEngine4
LogPluginManager: Mounting plugin OnlineSubsystemGooglePlay
LogPluginManager: Mounting plugin OnlineSubsystemIOS
LogPluginManager: Mounting plugin OnlineSubsystem
LogPluginManager: Mounting plugin OnlineSubsystemNull
LogPluginManager: Mounting plugin OnlineSubsystemUtils
LogPluginManager: Mounting plugin LauncherChunkInstaller
LogPluginManager: Mounting plugin AndroidDeviceProfileSelector
LogPluginManager: Mounting plugin AndroidMoviePlayer
LogPluginManager: Mounting plugin AndroidPermission
LogPluginManager: Mounting plugin AppleMoviePlayer
LogPluginManager: Mounting plugin ArchVisCharacter
LogPluginManager: Mounting plugin AudioCapture
LogPluginManager: Mounting plugin CableComponent
LogPluginManager: Mounting plugin CustomMeshComponent
LogPluginManager: Mounting plugin EditableMesh
LogPluginManager: Mounting plugin ExampleDeviceProfileSelector
LogPluginManager: Mounting plugin GoogleCloudMessaging
LogPluginManager: Mounting plugin ImmediatePhysics
LogPluginManager: Mounting plugin IOSDeviceProfileSelector
LogPluginManager: Mounting plugin LinuxDeviceProfileSelector
LogPluginManager: Mounting plugin LocationServicesBPLibrary
LogPluginManager: Mounting plugin MobilePatchingUtils
LogPluginManager: Mounting plugin OculusVR
LogPluginManager: Plugin shader directory ../../../Engine/Plugins/Runtime/Oculus/OculusVR/Shaders found
LogPluginManager: Mapping shader source directory ../../../Engine/Plugins/Runtime/Oculus/OculusVR/Shaders to virtual directory /Plugin/OculusVR
LogPluginManager: Mounting plugin PhysXVehicles
LogPluginManager: Mounting plugin ProceduralMeshComponent
LogPluginManager: Mounting plugin RuntimePhysXCooking
LogPluginManager: Mounting plugin SteamVR
LogPluginManager: Mounting plugin WindowsMoviePlayer
LogStreaming: Display: Took  0.299s to configure plugins.
LogInit: Using libcurl 7.55.1-DEV
LogInit:  - built for x86_64-pc-win32
LogInit:  - supports SSL with OpenSSL/1.0.2h
LogInit:  - supports HTTP deflate (compression) using libz 1.2.8
LogInit:  - other features:
LogInit:      CURL_VERSION_SSL
LogInit:      CURL_VERSION_LIBZ
LogInit:      CURL_VERSION_IPV6
LogInit:      CURL_VERSION_ASYNCHDNS
LogInit:      CURL_VERSION_LARGEFILE
LogInit:      CURL_VERSION_IDN
LogInit:  CurlRequestOptions (configurable via config and command line):
LogInit:  - bVerifyPeer = false  - Libcurl will NOT verify peer certificate
LogInit:  - bUseHttpProxy = false  - Libcurl will NOT use HTTP proxy
LogInit:  - bDontReuseConnections = false  - Libcurl will reuse connections
LogInit:  - CertBundlePath = nullptr  - Libcurl will use whatever was configured at build time.
LogInit:  - MaxHostConnections = 16  - Libcurl will limit the number of connections to a host
LogInit:  - LocalHostAddr = Default
LogInit:  - BufferSize = 65536
LogInit: WinSock: version 1.1 (2.2), MaxSocks=32767, MaxUdp=65467
LogInit: Build: ++UE4+Release-4.20-CL-4369336
LogInit: Engine Version: 4.20.3-4369336+++UE4+Release-4.20
LogInit: Compatible Engine Version: 4.20.0-4212847+++UE4+Release-4.20
LogInit: Net CL: 4212847
LogInit: OS: Windows 10 (), CPU: Intel(R) Core(TM) i7-7700K CPU @ 4.20GHz, GPU: NVIDIA GeForce GTX 1080
LogInit: Compiled (64-bit): Sep 17 2018 12:26:19
LogInit: Compiled with Visual C++: 19.13.26129.00
LogInit: Build Configuration: Development
LogInit: Branch Name: ++UE4+Release-4.20
LogInit: Command Line: 
LogInit: Base Directory: C:/Program Files/Epic Games/UE_4.20/Engine/Binaries/Win64/
LogInit: Installed Engine Build: 1
LogDevObjectVersion: Number of dev versions registered: 20
LogDevObjectVersion:   Dev-Blueprints (B0D832E4-1F89-4F0D-ACCF-7EB736FD4AA2): 10
LogDevObjectVersion:   Dev-Build (E1C64328-A22C-4D53-A36C-8E866417BD8C): 0
LogDevObjectVersion:   Dev-Core (375EC13C-06E4-48FB-B500-84F0262A717E): 2
LogDevObjectVersion:   Dev-Editor (E4B068ED-F494-42E9-A231-DA0B2E46BB41): 24
LogDevObjectVersion:   Dev-Framework (CFFC743F-43B0-4480-9391-14DF171D2073): 34
LogDevObjectVersion:   Dev-Mobile (B02B49B5-BB20-44E9-A304-32B752E40360): 2
LogDevObjectVersion:   Dev-Networking (A4E4105C-59A1-49B5-A7C5-40C4547EDFEE): 0
LogDevObjectVersion:   Dev-Online (39C831C9-5AE6-47DC-9A44-9C173E1C8E7C): 0
LogDevObjectVersion:   Dev-Physics (78F01B33-EBEA-4F98-B9B4-84EACCB95AA2): 0
LogDevObjectVersion:   Dev-Platform (6631380F-2D4D-43E0-8009-CF276956A95A): 0
LogDevObjectVersion:   Dev-Rendering (12F88B9F-8875-4AFC-A67C-D90C383ABD29): 26
LogDevObjectVersion:   Dev-Sequencer (7B5AE74C-D270-4C10-A958-57980B212A5A): 9
LogDevObjectVersion:   Dev-VR (D7296918-1DD6-4BDD-9DE2-64A83CC13884): 2
LogDevObjectVersion:   Dev-LoadTimes (C2A15278-BFE7-4AFE-6C17-90FF531DF755): 1
LogDevObjectVersion:   Private-Geometry (6EACA3D4-40EC-4CC1-B786-8BED09428FC5): 3
LogDevObjectVersion:   Dev-AnimPhys (29E575DD-E0A3-4627-9D10-D276232CDCEA): 17
LogDevObjectVersion:   Dev-ReflectionCapture (6B266CEC-1EC7-4B8F-A30B-E4D90942FC07): 1
LogDevObjectVersion:   Dev-Automation (0DF73D61-A23F-47EA-B727-89E90C41499A): 1
LogDevObjectVersion:   FortniteMain (601D1886-AC64-4F84-AA16-D3DE0DEAC7D6): 12
LogDevObjectVersion:   Dev-Enterprise (9DFFBCD6-494F-0158-E221-12823C92A888): 1
LogStreaming: Display: Took  0.001s to delete old logs.
LogInit: Presizing for max 8388607 objects, including 0 objects not considered by GC, pre-allocating 0 bytes for permanent pool.
LogInit: Object subsystem initialized
[2019.01.25-21.58.19:722][  0]LogInit: Selected Device Profile: [Windows]
[2019.01.25-21.58.19:722][  0]LogInit: Applying CVar settings loaded from the selected device profile: [Windows]
[2019.01.25-21.58.19:747][  0]LogHAL: Display: Platform has ~ 32 GB [34322599936 / 34359738368 / 32], which maps to Largest [LargestMinGB=32, LargerMinGB=12, DefaultMinGB=8, SmallerMinGB=6, SmallestMinGB=0)
[2019.01.25-21.58.19:747][  0]LogInit: Setting Device Profile CVar: [[r.Vulkan.UseRealUBs:1]]
[2019.01.25-21.58.19:747][  0]LogInit: Going up to parent DeviceProfile []
[2019.01.25-21.58.19:747][  0]LogInit: Computer: DESKTOP-KC0JE45
[2019.01.25-21.58.19:747][  0]LogInit: User: BryceKindred
[2019.01.25-21.58.19:747][  0]LogInit: CPU Page size=4096, Cores=4
[2019.01.25-21.58.19:747][  0]LogInit: High frequency timer resolution =4.101558 MHz
[2019.01.25-21.58.19:747][  0]LogMemory: Memory total: Physical=32.0GB (32GB approx)
[2019.01.25-21.58.19:747][  0]LogMemory: Platform Memory Stats for Windows
[2019.01.25-21.58.19:747][  0]LogMemory: Process Physical Memory: 100.54 MB used, 100.54 MB peak
[2019.01.25-21.58.19:747][  0]LogMemory: Process Virtual Memory: 92.26 MB used, 92.26 MB peak
[2019.01.25-21.58.19:747][  0]LogMemory: Physical Memory: 4024.91 MB used,  28707.67 MB free, 32732.58 MB total
[2019.01.25-21.58.19:747][  0]LogMemory: Virtual Memory: 4646.22 MB used,  28707.67 MB free, 134217728.00 MB total
[2019.01.25-21.58.19:760][  0]LogInit: Using OS detected language (en-US).
[2019.01.25-21.58.19:760][  0]LogInit: Using OS detected locale (en-US).
[2019.01.25-21.58.19:761][  0]LogTextLocalizationManager: No specific localization for 'en-US' exists, so the 'en' localization will be used.
[2019.01.25-21.58.20:023][  0]LogStreaming: Display: Took  0.262s to InitEngineTextLocalization.
[2019.01.25-21.58.20:024][  0]LogInit: Setting process to per monitor DPI aware
[2019.01.25-21.58.20:050][  0]LogSlate: New Slate User Created.  User Index 0, Is Virtual User: 0
[2019.01.25-21.58.20:050][  0]LogSlate: Slate User Registered.  User Index 0, Is Virtual User: 0
[2019.01.25-21.58.20:205][  0]LogHMD: Failed to initialize OpenVR with code 110
[2019.01.25-21.58.20:205][  0]LogD3D11RHI: D3D11 adapters:
[2019.01.25-21.58.20:245][  0]LogD3D11RHI:    0. 'NVIDIA GeForce GTX 1080' (Feature Level 11_0)
[2019.01.25-21.58.20:245][  0]LogD3D11RHI:       8079/0/16366 MB DedicatedVideo/DedicatedSystem/SharedSystem, Outputs:2, VendorId:0x10de
[2019.01.25-21.58.20:247][  0]LogD3D11RHI:    1. 'Microsoft Basic Render Driver' (Feature Level 11_0)
[2019.01.25-21.58.20:247][  0]LogD3D11RHI:       0/0/16366 MB DedicatedVideo/DedicatedSystem/SharedSystem, Outputs:0, VendorId:0x1414
[2019.01.25-21.58.20:247][  0]LogD3D11RHI: Chosen D3D11 Adapter: 0
[2019.01.25-21.58.20:251][  0]LogD3D11RHI: Creating new Direct3DDevice
[2019.01.25-21.58.20:251][  0]LogD3D11RHI:     GPU DeviceId: 0x1b80 (for the marketing name, search the web for "GPU Device Id")
[2019.01.25-21.58.20:251][  0]LogWindows: EnumDisplayDevices:
[2019.01.25-21.58.20:251][  0]LogWindows:    0. 'NVIDIA GeForce GTX 1080' (P:1 D:1)
[2019.01.25-21.58.20:252][  0]LogWindows:    1. 'NVIDIA GeForce GTX 1080' (P:0 D:1)
[2019.01.25-21.58.20:252][  0]LogWindows:    2. 'NVIDIA GeForce GTX 1080' (P:0 D:0)
[2019.01.25-21.58.20:252][  0]LogWindows:    3. 'NVIDIA GeForce GTX 1080' (P:0 D:0)
[2019.01.25-21.58.20:252][  0]LogWindows: DebugString: FoundDriverCount:4 
[2019.01.25-21.58.20:252][  0]LogD3D11RHI:     Adapter Name: NVIDIA GeForce GTX 1080
[2019.01.25-21.58.20:252][  0]LogD3D11RHI:   Driver Version: 416.94 (internal:25.21.14.1694, unified:416.94)
[2019.01.25-21.58.20:252][  0]LogD3D11RHI:      Driver Date: 11-12-2018
[2019.01.25-21.58.20:252][  0]LogRHI: Texture pool is 5655 MB (70% of 8079 MB)
[2019.01.25-21.58.20:282][  0]LogD3D11RHI: Async texture creation enabled
[2019.01.25-21.58.20:301][  0]LogD3D11RHI: GPU Timing Frequency: 1000.000000 (Debug: 2 2)
[2019.01.25-21.58.20:399][  0]LogShaderCompilers: Guid format shader working directory is -43 characters bigger than the processId version (G:/Documents/School/Spring 2019/Asset Pipeline/AssetPipeline/BK_AssetPipeline/BK_InClassWhiteBox/Intermediate/Shaders/WorkingDirectory/12048/).
[2019.01.25-21.58.20:399][  0]LogShaderCompilers: Cleaned the shader compiler working directory 'C:/Users/Bryce Kindred/AppData/Local/Temp/UnrealShaderWorkingDir/DC11C38E42CD6957CED005AABBAD22B1/'.
[2019.01.25-21.58.20:585][  0]LogTemp: Display: Loaded TP AllDesktopTargetPlatform
[2019.01.25-21.58.20:594][  0]LogTemp: Display: Loaded TP MacClientTargetPlatform
[2019.01.25-21.58.20:607][  0]LogTemp: Display: Loaded TP MacNoEditorTargetPlatform
[2019.01.25-21.58.20:622][  0]LogTemp: Display: Loaded TP MacServerTargetPlatform
[2019.01.25-21.58.20:632][  0]LogTemp: Display: Loaded TP MacTargetPlatform
[2019.01.25-21.58.20:641][  0]LogTemp: Display: Loaded TP WindowsClientTargetPlatform
[2019.01.25-21.58.20:651][  0]LogTemp: Display: Loaded TP WindowsNoEditorTargetPlatform
[2019.01.25-21.58.20:661][  0]LogTemp: Display: Loaded TP WindowsServerTargetPlatform
[2019.01.25-21.58.20:665][  0]LogTemp: Display: Loaded TP WindowsTargetPlatform
[2019.01.25-21.58.20:722][  0]LogTemp: Display: Loaded TP AndroidTargetPlatform
[2019.01.25-21.58.20:722][  0]LogTemp: Display: Loaded TP AndroidTargetPlatform
[2019.01.25-21.58.20:722][  0]LogTemp: Display: Loaded TP AndroidTargetPlatform
[2019.01.25-21.58.20:722][  0]LogTemp: Display: Loaded TP AndroidTargetPlatform
[2019.01.25-21.58.20:722][  0]LogTemp: Display: Loaded TP AndroidTargetPlatform
[2019.01.25-21.58.20:722][  0]LogTemp: Display: Loaded TP AndroidTargetPlatform
[2019.01.25-21.58.20:722][  0]LogTemp: Display: Loaded TP AndroidTargetPlatform
[2019.01.25-21.58.20:722][  0]LogTemp: Display: Loaded TP AndroidTargetPlatform
[2019.01.25-21.58.20:722][  0]LogTemp: Display: Loaded TP AndroidTargetPlatform
[2019.01.25-21.58.20:722][  0]LogTemp: Display: Loaded TP AndroidTargetPlatform
[2019.01.25-21.58.20:722][  0]LogTemp: Display: Loaded TP AndroidTargetPlatform
[2019.01.25-21.58.20:722][  0]LogTemp: Display: Loaded TP AndroidTargetPlatform
[2019.01.25-21.58.20:722][  0]LogTemp: Display: Loaded TP AndroidTargetPlatform
[2019.01.25-21.58.20:722][  0]LogTemp: Display: Loaded TP AndroidTargetPlatform
[2019.01.25-21.58.20:722][  0]LogTemp: Display: Loaded TP AndroidTargetPlatform
[2019.01.25-21.58.20:722][  0]LogTemp: Display: Loaded TP AndroidTargetPlatform
[2019.01.25-21.58.20:722][  0]LogTemp: Display: Loaded TP AndroidTargetPlatform
[2019.01.25-21.58.20:722][  0]LogTemp: Display: Loaded TP AndroidTargetPlatform
[2019.01.25-21.58.20:723][  0]LogTemp: Display: Loaded TP HTML5TargetPlatform
[2019.01.25-21.58.20:775][  0]LogTemp: Display: Loaded TP IOSTargetPlatform
[2019.01.25-21.58.20:775][  0]LogTemp: Display: Loaded TP IOSTargetPlatform
[2019.01.25-21.58.20:791][  0]LogTemp: Display: Loaded TP TVOSTargetPlatform
[2019.01.25-21.58.20:792][  0]LogTemp: Display: Loaded TP TVOSTargetPlatform
[2019.01.25-21.58.20:800][  0]LogTemp: Display: Loaded TP LinuxClientTargetPlatform
[2019.01.25-21.58.20:809][  0]LogTemp: Display: Loaded TP LinuxNoEditorTargetPlatform
[2019.01.25-21.58.20:818][  0]LogTemp: Display: Loaded TP LinuxServerTargetPlatform
[2019.01.25-21.58.20:826][  0]LogTemp: Display: Loaded TP LinuxTargetPlatform
[2019.01.25-21.58.20:833][  0]LogTemp: Display: Loaded TP LuminTargetPlatform
[2019.01.25-21.58.20:833][  0]LogTargetPlatformManager: Display: Building Assets For Windows
[2019.01.25-21.58.20:875][  0]LogXGEController: Cannot use XGE Controller as Incredibuild is not installed on this machine.
[2019.01.25-21.58.20:875][  0]LogShaderCompilers: Cannot use XGE Shader Compiler as Incredibuild is not installed on this machine.
[2019.01.25-21.58.20:875][  0]LogShaderCompilers: Display: Using Local Shader Compiler.
[2019.01.25-21.58.21:405][  0]LogDerivedDataCache: Display: Max Cache Size: 512 MB
[2019.01.25-21.58.21:447][  0]LogDerivedDataCache: Loaded boot cache 0.04s 71MB C:/Users/Bryce Kindred/AppData/Local/UnrealEngine/4.20/DerivedDataCache/Boot.ddc.
[2019.01.25-21.58.21:447][  0]LogDerivedDataCache: Display: Loaded Boot cache: C:/Users/Bryce Kindred/AppData/Local/UnrealEngine/4.20/DerivedDataCache/Boot.ddc
[2019.01.25-21.58.21:447][  0]LogDerivedDataCache: FDerivedDataBackendGraph:  Pak pak cache file G:/Documents/School/Spring 2019/Asset Pipeline/AssetPipeline/BK_AssetPipeline/BK_InClassWhiteBox/DerivedDataCache/DDC.ddp not found, will not use a pak cache.
[2019.01.25-21.58.21:447][  0]LogDerivedDataCache: Unable to find inner node Pak for hierarchical cache Hierarchy.
[2019.01.25-21.58.21:447][  0]LogDerivedDataCache: FDerivedDataBackendGraph:  CompressedPak pak cache file G:/Documents/School/Spring 2019/Asset Pipeline/AssetPipeline/BK_AssetPipeline/BK_InClassWhiteBox/DerivedDataCache/Compressed.ddp not found, will not use a pak cache.
[2019.01.25-21.58.21:447][  0]LogDerivedDataCache: Unable to find inner node CompressedPak for hierarchical cache Hierarchy.
[2019.01.25-21.58.21:457][  0]LogDerivedDataCache: Display: Pak cache opened for reading ../../../Engine/DerivedDataCache/Compressed.ddp.
[2019.01.25-21.58.21:469][  0]LogDerivedDataCache: Using Local data cache path C:/Users/Bryce Kindred/AppData/Local/UnrealEngine/Common/DerivedDataCache: Writable
[2019.01.25-21.58.21:469][  0]LogDerivedDataCache: Shared data cache path not found in *engine.ini, will not use an Shared cache.
[2019.01.25-21.58.21:469][  0]LogDerivedDataCache: Unable to find inner node Shared for hierarchical cache Hierarchy.
[2019.01.25-21.58.21:482][  0]LogMaterial: Verifying Global Shaders for PCD3D_SM5
[2019.01.25-21.58.21:483][  0]LogSlate: Using FreeType 2.6.0
[2019.01.25-21.58.21:483][  0]LogSlate: SlateFontServices - WITH_FREETYPE: 1, WITH_HARFBUZZ: 1
[2019.01.25-21.58.21:543][  0]LogAssetRegistry: FAssetRegistry took 0.0247 seconds to start up
[2019.01.25-21.58.21:770][  0]LogInit: Selected Device Profile: [Windows]
[2019.01.25-21.58.21:864][  0]LogSimplygon: Simplygon DLL not present - disabling.
[2019.01.25-21.58.21:867][  0]LogMeshReduction: Using SimplygonSwarm for distributed automatic mesh merging
[2019.01.25-21.58.21:867][  0]LogMeshReduction: Using ProxyLODMeshReduction for automatic mesh merging
[2019.01.25-21.58.21:867][  0]LogMeshReduction: Using QuadricMeshReduction for automatic static mesh reduction
[2019.01.25-21.58.21:867][  0]LogMeshReduction: No automatic skeletal mesh reduction module available
[2019.01.25-21.58.21:881][  0]LogNetVersion: BK_InClassWhiteBox 1.0.0, NetCL: 4212847, EngineNetVer: 5, GameNetVer: 0 (Checksum: 1110438751)
[2019.01.25-21.58.22:270][  0]LogPackageLocalizationCache: Processed 11 localized package path(s) for 2 prioritized culture(s) in 0.101364 seconds
[2019.01.25-21.58.22:275][  0]LogUObjectArray: 38425 objects as part of root set at end of initial load.
[2019.01.25-21.58.22:275][  0]LogUObjectAllocator: 6690872 out of 0 bytes used by permanent object pool.
[2019.01.25-21.58.22:275][  0]LogUObjectArray: CloseDisregardForGC: 0/0 objects in disregard for GC pool
[2019.01.25-21.58.22:877][  0]LogTcpMessaging: Initializing TcpMessaging bridge
[2019.01.25-21.58.22:889][  0]LogUdpMessaging: Initializing bridge on interface 0.0.0.0:0 to multicast group 230.0.0.1:6666.
[2019.01.25-21.58.23:006][  0]SourceControl: Source control is disabled
[2019.01.25-21.58.23:006][  0]SourceControl: Source control is disabled
[2019.01.25-21.58.23:007][  0]SourceControl: Source control is disabled
[2019.01.25-21.58.23:008][  0]SourceControl: Source control is disabled
[2019.01.25-21.58.23:145][  0]LogAndroidPermission: UAndroidPermissionCallbackProxy::GetInstance
[2019.01.25-21.58.23:226][  0]LogOcInput: OculusInput pre-init called
[2019.01.25-21.58.23:272][  0]LogEngine: Initializing Engine...
[2019.01.25-21.58.23:272][  0]LogHMD: Failed to initialize OpenVR with code 110
[2019.01.25-21.58.23:273][  0]LogStats: UGameplayTagsManager::ConstructGameplayTagTree: ImportINI prefixes -  0.000 s
[2019.01.25-21.58.23:273][  0]LogStats: UGameplayTagsManager::ConstructGameplayTagTree: Construct from data asset -  0.000 s
[2019.01.25-21.58.23:273][  0]LogStats: UGameplayTagsManager::ConstructGameplayTagTree: ImportINI -  0.000 s
[2019.01.25-21.58.23:273][  0]LogStats: UGameplayTagsManager::ConstructGameplayTagTree: GameplayTagTreeChangedEvent.Broadcast -  0.000 s
[2019.01.25-21.58.23:422][  0]LogInit: Initializing FReadOnlyCVARCache
[2019.01.25-21.58.23:431][  0]LogAIModule: Creating AISystem for world Untitled
[2019.01.25-21.58.23:456][  0]LogInit: XAudio2 using 'Headset Earphone (SteelSeries Arctis 5 Chat)' : 2 channels at 48 kHz using 16 bits per sample (channel mask 0x3)
[2019.01.25-21.58.23:475][  0]LogInit: FAudioDevice initialized.
[2019.01.25-21.58.23:475][  0]LogNetVersion: Set ProjectVersion to 1.0.0.0. Version Checksum will be recalculated on next use.
[2019.01.25-21.58.23:537][  0]LogDerivedDataCache: Saved boot cache 0.06s 71MB C:/Users/Bryce Kindred/AppData/Local/UnrealEngine/4.20/DerivedDataCache/Boot.ddc.
[2019.01.25-21.58.23:554][  0]LogInit: Texture streaming: Enabled
[2019.01.25-21.58.23:565][  0]LogEngineSessionManager: EngineSessionManager initialized
[2019.01.25-21.58.23:575][  0]LogInit: Transaction tracking system initialized
[2019.01.25-21.58.23:590][  0]BlueprintLog: New page: Editor Load
[2019.01.25-21.58.23:645][  0]LocalizationService: Localization service is disabled
[2019.01.25-21.58.23:887][  0]LogCook: Display: Max memory allowance for cook 16384mb min free memory 0mb
[2019.01.25-21.58.23:887][  0]LogCook: Display: Mobile HDR setting 1
[2019.01.25-21.58.23:887][  0]LogGameplayTags: Display: UGameplayTagsManager::DoneAddingNativeTags. DelegateIsBound: 0
[2019.01.25-21.58.23:887][  0]LogStats: UGameplayTagsManager::ConstructGameplayTagTree: ImportINI prefixes -  0.000 s
[2019.01.25-21.58.23:887][  0]LogStats: UGameplayTagsManager::ConstructGameplayTagTree: Construct from data asset -  0.000 s
[2019.01.25-21.58.23:887][  0]LogFileCache: Scanning file cache for directory 'G:/Documents/School/Spring 2019/Asset Pipeline/AssetPipeline/BK_AssetPipeline/BK_InClassWhiteBox/Content/' took 0.02s
[2019.01.25-21.58.23:887][  0]LogStats: UGameplayTagsManager::ConstructGameplayTagTree: ImportINI -  0.000 s
[2019.01.25-21.58.23:887][  0]LogStats: UGameplayTagsManager::ConstructGameplayTagTree: GameplayTagTreeChangedEvent.Broadcast -  0.000 s
[2019.01.25-21.58.23:966][  0]SourceControl: Source control is disabled
[2019.01.25-21.58.23:966][  0]Cmd: MAP LOAD FILE="../../../Engine/Content/Maps/Templates/Template_Default.umap" TEMPLATE=1 SHOWPROGRESS=1 FEATURELEVEL=3
[2019.01.25-21.58.23:966][  0]LightingResults: New page: Lighting Build
[2019.01.25-21.58.23:968][  0]MapCheck: New page: Map Check
[2019.01.25-21.58.23:968][  0]LightingResults: New page: Lighting Build
[2019.01.25-21.58.24:113][  0]LogAIModule: Creating AISystem for world Untitled_1
[2019.01.25-21.58.24:117][  0]LogEditorServer: Finished looking for orphan Actors (0.000 secs)
[2019.01.25-21.58.24:134][  0]Cmd: MAP CHECKDEP NOCLEARLOG
[2019.01.25-21.58.24:181][  0]MapCheck: Map check complete: 0 Error(s), 0 Warning(s), took 46.362ms to complete.
[2019.01.25-21.58.24:181][  0]LogFileHelpers: Loading map 'Template_Default' took 0.214
[2019.01.25-21.58.24:288][  0]LogSlate: Updating window title bar state: overlay mode, drag disabled, window buttons hidden, title bar hidden
[2019.01.25-21.58.24:294][  0]LogSlate: Updating window title bar state: overlay mode, drag disabled, window buttons hidden, title bar hidden
[2019.01.25-21.58.24:299][  0]LogSlate: Updating window title bar state: overlay mode, drag disabled, window buttons hidden, title bar hidden
[2019.01.25-21.58.24:304][  0]LogSlate: Updating window title bar state: overlay mode, drag disabled, window buttons hidden, title bar hidden
[2019.01.25-21.58.24:315][  0]LogCollectionManager: Loaded 0 collections in 0.001217 seconds
[2019.01.25-21.58.24:367][  0]LogFileCache: Scanning file cache for directory 'G:/Documents/School/Spring 2019/Asset Pipeline/AssetPipeline/BK_AssetPipeline/BK_InClassWhiteBox/Saved/Collections/' took 0.01s
[2019.01.25-21.58.24:367][  0]LogFileCache: Scanning file cache for directory 'G:/Documents/School/Spring 2019/Asset Pipeline/AssetPipeline/BK_AssetPipeline/BK_InClassWhiteBox/Content/Developers/BryceKindred/Collections/' took 0.01s
[2019.01.25-21.58.24:367][  0]LogFileCache: Scanning file cache for directory 'G:/Documents/School/Spring 2019/Asset Pipeline/AssetPipeline/BK_AssetPipeline/BK_InClassWhiteBox/Content/Collections/' took 0.01s
[2019.01.25-21.58.24:367][  0]LogCollectionManager: Rebuilt the GUID cache for 0 collections in 0.000000 seconds
[2019.01.25-21.58.24:376][  0]LogContentBrowser: Native class hierarchy populated in 0.0081 seconds. Added 2572 classes and 603 folders.
[2019.01.25-21.58.24:388][  0]LogContentBrowser: Native class hierarchy updated for 'WidgetCarousel' in 0.0002 seconds. Added 0 classes and 0 folders.
[2019.01.25-21.58.24:668][  0]LogContentBrowser: Native class hierarchy updated for 'AddContentDialog' in 0.0002 seconds. Added 0 classes and 0 folders.
[2019.01.25-21.58.24:678][  0]LogContentBrowser: Native class hierarchy updated for 'SceneOutliner' in 0.0002 seconds. Added 1 classes and 2 folders.
[2019.01.25-21.58.24:718][  0]LogSlate: Took 0.000183 seconds to synchronously load lazily loaded font '../../../Engine/Content/Slate/Fonts/Roboto-Regular.ttf' (155K)
[2019.01.25-21.58.24:720][  0]LogSlate: Took 0.000160 seconds to synchronously load lazily loaded font '../../../Engine/Content/Slate/Fonts/Roboto-Bold.ttf' (160K)
[2019.01.25-21.58.24:729][  0]LogSlate: Took 0.003876 seconds to synchronously load lazily loaded font '../../../Engine/Content/Editor/Slate/Fonts/FontAwesome.ttf' (139K)
[2019.01.25-21.58.24:830][  0]LogRenderer: Reallocating scene render targets to support 1228x536 Format 10 NumSamples 1 (Frame:1).
[2019.01.25-21.58.24:922][  0]LogContentBrowser: Native class hierarchy updated for 'HierarchicalLODOutliner' in 0.0002 seconds. Added 0 classes and 0 folders.
[2019.01.25-21.58.24:922][  0]LogLoad: (Engine Initialization) Total time: 7.16 seconds
[2019.01.25-21.58.24:922][  0]LogLoad: (Engine Initialization) Total Blueprint compile time: 0.00 seconds
[2019.01.25-21.58.24:932][  0]LogWindowsTextInputMethodSystem: Display: IME system now deactivated.
[2019.01.25-21.58.24:947][  0]LogAssetRegistry: Asset discovery search completed in 3.4271 seconds
[2019.01.25-21.58.24:949][  0]LogCollectionManager: Rebuilt the object cache for 0 collections in 0.000000 seconds (found 0 objects)
[2019.01.25-21.58.24:949][  0]LogCollectionManager: Fixed up redirectors for 0 collections in 0.000032 seconds (updated 0 objects)
[2019.01.25-21.58.24:951][  0]LogContentStreaming: Texture pool size now 1000 MB
[2019.01.25-21.58.24:974][  0]LogSlate: Took 0.004482 seconds to synchronously load lazily loaded font '../../../Engine/Content/Slate/Fonts/Roboto-Light.ttf' (167K)
[2019.01.25-21.58.25:944][ 65]LogSlate: Took 0.000185 seconds to synchronously load lazily loaded font '../../../Engine/Content/Slate/Fonts/Roboto-Light.ttf' (167K)
[2019.01.25-21.58.28:433][363]LogSlate: FSceneViewport::OnFocusLost() reason 0
[2019.01.25-21.58.29:267][380]LogAIModule: Creating AISystem for world BK_CityBlock
[2019.01.25-21.58.29:312][380]LogAssetEditorManager: Opening Asset editor for World /Game/BK_CityBlock.BK_CityBlock
[2019.01.25-21.58.29:331][380]Cmd: MAP LOAD FILE="G:/Documents/School/Spring 2019/Asset Pipeline/AssetPipeline/BK_AssetPipeline/BK_InClassWhiteBox/Content/BK_CityBlock.umap" TEMPLATE=0 SHOWPROGRESS=1 FEATURELEVEL=3
[2019.01.25-21.58.29:331][380]LightingResults: New page: Lighting Build
[2019.01.25-21.58.29:331][380]LoadErrors: New page: Loading map: BK_CityBlock.umap
[2019.01.25-21.58.29:332][380]MapCheck: New page: Map Check
[2019.01.25-21.58.29:332][380]LightingResults: New page: Lighting Build
[2019.01.25-21.58.29:364][380]LogEditorServer: Finished looking for orphan Actors (0.000 secs)
[2019.01.25-21.58.29:417][380]Cmd: MAP CHECKDEP NOCLEARLOG
[2019.01.25-21.58.29:467][380]MapCheck: Map check complete: 0 Error(s), 0 Warning(s), took 49.544ms to complete.
[2019.01.25-21.58.29:467][380]LogFileHelpers: Loading map 'BK_CityBlock' took 0.136
[2019.01.25-21.58.47:644][545]LogSlate: FSceneViewport::OnFocusLost() reason 0
[2019.01.25-21.58.53:417][224]Cmd: BRUSH ADD SELECTNEWBRUSH
[2019.01.25-21.58.55:896][503]LogSlate: FSceneViewport::OnFocusLost() reason 0
[2019.01.25-21.59.19:121][153]LogEditorViewport: Clicking on Actor (LMB): BP_Sky_Sphere_C (Sky Sphere)
[2019.01.25-21.59.21:208][392]LogSlate: FSceneViewport::OnFocusLost() reason 0
[2019.01.25-21.59.37:317][250]Cmd: BRUSH ADD SELECTNEWBRUSH
[2019.01.25-21.59.40:297][589]Cmd: DELETE
[2019.01.25-21.59.40:297][589]Cmd: ACTOR DELETE
[2019.01.25-21.59.40:327][589]LogEditorActor: Deleted Actor: Brush
[2019.01.25-21.59.40:658][589]LogEditorActor: Deleted 1 Actors (0.359 secs)
[2019.01.25-21.59.41:869][713]LogSlate: FSceneViewport::OnFocusLost() reason 0
[2019.01.25-21.59.44:556][ 20]Cmd: BRUSH ADD SELECTNEWBRUSH
[2019.01.25-22.00.01:891][945]LogSlate: FSceneViewport::OnFocusLost() reason 0
[2019.01.25-22.00.09:610][784]LogSlate: FSceneViewport::OnFocusLost() reason 0
[2019.01.25-22.00.18:954][902]Cmd: DUPLICATE
[2019.01.25-22.00.18:955][902]Cmd: ACTOR DUPLICATE
[2019.01.25-22.00.30:297][827]Cmd: DUPLICATE
[2019.01.25-22.00.30:297][827]Cmd: ACTOR DUPLICATE
[2019.01.25-22.00.41:670][778]Cmd: DUPLICATE
[2019.01.25-22.00.41:670][778]Cmd: ACTOR DUPLICATE
[2019.01.25-22.00.51:796][571]Cmd: DUPLICATE
[2019.01.25-22.00.51:796][571]Cmd: ACTOR DUPLICATE
[2019.01.25-22.00.59:190][181]Cmd: DUPLICATE
[2019.01.25-22.00.59:190][181]Cmd: ACTOR DUPLICATE
[2019.01.25-22.01.17:440][ 80]LogSlate: FSceneViewport::OnFocusLost() reason 0
[2019.01.25-22.01.21:859][550]Cmd: DUPLICATE
[2019.01.25-22.01.21:859][550]Cmd: ACTOR DUPLICATE
[2019.01.25-22.01.33:660][659]Cmd: DUPLICATE
[2019.01.25-22.01.33:660][659]Cmd: ACTOR DUPLICATE
[2019.01.25-22.01.38:976][ 72]Cmd: DUPLICATE
[2019.01.25-22.01.38:976][ 72]Cmd: ACTOR DUPLICATE
[2019.01.25-22.01.47:712][935]Cmd: DUPLICATE
[2019.01.25-22.01.47:712][935]Cmd: ACTOR DUPLICATE
[2019.01.25-22.01.54:010][520]Cmd: DUPLICATE
[2019.01.25-22.01.54:010][520]Cmd: ACTOR DUPLICATE
[2019.01.25-22.02.02:971][346]Cmd: DUPLICATE
[2019.01.25-22.02.02:971][346]Cmd: ACTOR DUPLICATE
[2019.01.25-22.02.26:214][684]Cmd: DUPLICATE
[2019.01.25-22.02.26:214][684]Cmd: ACTOR DUPLICATE
[2019.01.25-22.02.37:885][787]LogEditorViewport: Clicking on Actor (context menu): Brush (Brush_Tree_56)
[2019.01.25-22.02.37:913][787]LogSlate: FSceneViewport::OnFocusLost() reason 2
[2019.01.25-22.02.40:324][ 75]LogEditorViewport: Clicking on Actor (LMB): Brush (Brush_Tree_56)
[2019.01.25-22.02.41:184][175]Cmd: TRANSACTION UNDO
[2019.01.25-22.02.41:184][175]LogEditorTransaction: Undo Clicking on Actors
[2019.01.25-22.02.42:260][301]Cmd: DUPLICATE
[2019.01.25-22.02.42:260][301]Cmd: ACTOR DUPLICATE
[2019.01.25-22.02.51:391][135]Cmd: DUPLICATE
[2019.01.25-22.02.51:391][135]Cmd: ACTOR DUPLICATE
[2019.01.25-22.02.59:669][780]Cmd: DUPLICATE
[2019.01.25-22.02.59:669][780]Cmd: ACTOR DUPLICATE
[2019.01.25-22.03.09:090][605]Cmd: DUPLICATE
[2019.01.25-22.03.09:090][605]Cmd: ACTOR DUPLICATE
[2019.01.25-22.03.29:496][574]LogEditorViewport: Clicking on Actor (LMB): BP_Sky_Sphere_C (Sky Sphere)
[2019.01.25-22.04.00:766][320]LogSlate: FSceneViewport::OnFocusLost() reason 2
[2019.01.25-22.04.02:008][452]LogSlate: FSceneViewport::OnFocusLost() reason 2
[2019.01.25-22.04.03:294][452]LogSavePackage: Moving 'G:/Documents/School/Spring 2019/Asset Pipeline/AssetPipeline/BK_AssetPipeline/BK_InClassWhiteBox/Saved/BK_CityBlock17B862C34DA9E25FEC2F76A818F0FA05.tmp' to 'G:/Documents/School/Spring 2019/Asset Pipeline/AssetPipeline/BK_AssetPipeline/BK_InClassWhiteBox/Content/BK_CityBlock.umap'
[2019.01.25-22.04.03:369][452]LogFileHelpers: Saving map 'BK_CityBlock' took 1.356
