Log file open, 02/24/19 12:21:47
LogWindows: Failed to load 'aqProf.dll' (GetLastError=126)
LogWindows: File 'aqProf.dll' does not exist
LogWindows: Failed to load 'VSPerf140.dll' (GetLastError=126)
LogWindows: File 'VSPerf140.dll' does not exist
LogWindows: Failed to load 'VtuneApi.dll' (GetLastError=126)
LogWindows: File 'VtuneApi.dll' does not exist
LogWindows: Failed to load 'VtuneApi32e.dll' (GetLastError=126)
LogWindows: File 'VtuneApi32e.dll' does not exist
LogInit: Display: Running engine for game: WoodMaterial
LogPlatformFile: Not using cached read wrapper
LogTaskGraph: Started task graph with 5 named threads and 23 total threads with 3 sets of task threads.
LogStats: Stats thread started at 0.266417
LogD3D11RHI: Loaded GFSDK_Aftermath_Lib.x64.dll
LogICUInternationalization: Display: ICU TimeZone Detection - Raw Offset: -7:00, Platform Override: ''
LogPluginManager: Mounting plugin Paper2D
LogPluginManager: Mounting plugin AISupport
LogPluginManager: Mounting plugin LightPropagationVolume
LogPluginManager: Mounting plugin CLionSourceCodeAccess
LogPluginManager: Mounting plugin CodeLiteSourceCodeAccess
LogPluginManager: Mounting plugin GitSourceControl
LogPluginManager: Mounting plugin KDevelopSourceCodeAccess
LogPluginManager: Mounting plugin NullSourceCodeAccess
LogPluginManager: Mounting plugin PerforceSourceControl
LogPluginManager: Mounting plugin SubversionSourceControl
LogPluginManager: Mounting plugin UObjectPlugin
LogPluginManager: Mounting plugin VisualStudioCodeSourceCodeAccess
LogPluginManager: Mounting plugin VisualStudioSourceCodeAccess
LogPluginManager: Mounting plugin XCodeSourceCodeAccess
LogPluginManager: Mounting plugin AssetManagerEditor
LogPluginManager: Mounting plugin CryptoKeys
LogPluginManager: Mounting plugin DataValidation
LogPluginManager: Mounting plugin FacialAnimation
LogPluginManager: Mounting plugin GameplayTagsEditor
LogPluginManager: Mounting plugin MacGraphicsSwitching
LogPluginManager: Mounting plugin MeshEditor
LogPluginManager: Mounting plugin MobileLauncherProfileWizard
LogPluginManager: Mounting plugin PluginBrowser
LogPluginManager: Mounting plugin SpeedTreeImporter
LogPluginManager: Mounting plugin DatasmithContent
LogPluginManager: Mounting plugin AlembicImporter
LogPluginManager: Mounting plugin AppleImageUtils
LogPluginManager: Mounting plugin AppleVision
LogPluginManager: Mounting plugin BackChannel
LogPluginManager: Mounting plugin CharacterAI
LogPluginManager: Mounting plugin GeometryCache
LogPluginManager: Mounting plugin HTML5Networking
LogPluginManager: Mounting plugin ProxyLODPlugin
LogPluginManager: Mounting plugin MagicLeap
LogPluginManager: Mounting plugin MagicLeapEmulator
LogPluginManager: Mounting plugin MagicLeapMedia
LogPluginManager: Mounting plugin AndroidMedia
LogPluginManager: Mounting plugin AvfMedia
LogPluginManager: Mounting plugin ImgMedia
LogPluginManager: Mounting plugin LinearTimecode
LogPluginManager: Mounting plugin MediaCompositing
LogPluginManager: Mounting plugin MediaPlayerEditor
LogPluginManager: Mounting plugin WmfMedia
LogPluginManager: Mounting plugin TcpMessaging
LogPluginManager: Mounting plugin UdpMessaging
LogPluginManager: Mounting plugin ActorSequence
LogPluginManager: Mounting plugin LevelSequenceEditor
LogPluginManager: Mounting plugin MatineeToLevelSequence
LogPluginManager: Mounting plugin NetcodeUnitTest
LogPluginManager: Mounting plugin NUTUnrealEngine4
LogPluginManager: Mounting plugin OnlineSubsystemGooglePlay
LogPluginManager: Mounting plugin OnlineSubsystemIOS
LogPluginManager: Mounting plugin OnlineSubsystem
LogPluginManager: Mounting plugin OnlineSubsystemNull
LogPluginManager: Mounting plugin OnlineSubsystemUtils
LogPluginManager: Mounting plugin LauncherChunkInstaller
LogPluginManager: Mounting plugin AndroidDeviceProfileSelector
LogPluginManager: Mounting plugin AndroidMoviePlayer
LogPluginManager: Mounting plugin AndroidPermission
LogPluginManager: Mounting plugin AppleMoviePlayer
LogPluginManager: Mounting plugin ArchVisCharacter
LogPluginManager: Mounting plugin AudioCapture
LogPluginManager: Mounting plugin CableComponent
LogPluginManager: Mounting plugin CustomMeshComponent
LogPluginManager: Mounting plugin EditableMesh
LogPluginManager: Mounting plugin ExampleDeviceProfileSelector
LogPluginManager: Mounting plugin GoogleCloudMessaging
LogPluginManager: Mounting plugin ImmediatePhysics
LogPluginManager: Mounting plugin IOSDeviceProfileSelector
LogPluginManager: Mounting plugin LinuxDeviceProfileSelector
LogPluginManager: Mounting plugin LocationServicesBPLibrary
LogPluginManager: Mounting plugin MobilePatchingUtils
LogPluginManager: Mounting plugin OculusVR
LogPluginManager: Plugin shader directory ../../../Engine/Plugins/Runtime/Oculus/OculusVR/Shaders found
LogPluginManager: Mapping shader source directory ../../../Engine/Plugins/Runtime/Oculus/OculusVR/Shaders to virtual directory /Plugin/OculusVR
LogPluginManager: Mounting plugin PhysXVehicles
LogPluginManager: Mounting plugin ProceduralMeshComponent
LogPluginManager: Mounting plugin RuntimePhysXCooking
LogPluginManager: Mounting plugin SteamVR
LogPluginManager: Mounting plugin WindowsMoviePlayer
LogStreaming: Display: Took  0.082s to configure plugins.
LogInit: Using libcurl 7.55.1-DEV
LogInit:  - built for x86_64-pc-win32
LogInit:  - supports SSL with OpenSSL/1.0.2h
LogInit:  - supports HTTP deflate (compression) using libz 1.2.8
LogInit:  - other features:
LogInit:      CURL_VERSION_SSL
LogInit:      CURL_VERSION_LIBZ
LogInit:      CURL_VERSION_IPV6
LogInit:      CURL_VERSION_ASYNCHDNS
LogInit:      CURL_VERSION_LARGEFILE
LogInit:      CURL_VERSION_IDN
LogInit:  CurlRequestOptions (configurable via config and command line):
LogInit:  - bVerifyPeer = false  - Libcurl will NOT verify peer certificate
LogInit:  - bUseHttpProxy = false  - Libcurl will NOT use HTTP proxy
LogInit:  - bDontReuseConnections = false  - Libcurl will reuse connections
LogInit:  - CertBundlePath = nullptr  - Libcurl will use whatever was configured at build time.
LogInit:  - MaxHostConnections = 16  - Libcurl will limit the number of connections to a host
LogInit:  - LocalHostAddr = Default
LogInit:  - BufferSize = 65536
LogInit: WinSock: version 1.1 (2.2), MaxSocks=32767, MaxUdp=65467
LogHMD: Failed initializing OVRPlugin 1.25.0
LogInit: Build: ++UE4+Release-4.20-CL-4369336
LogInit: Engine Version: 4.20.3-4369336+++UE4+Release-4.20
LogInit: Compatible Engine Version: 4.20.0-4212847+++UE4+Release-4.20
LogInit: Net CL: 4212847
LogInit: OS: Windows 10 (), CPU: Intel(R) Core(TM) i7-7700K CPU @ 4.20GHz, GPU: NVIDIA GeForce GTX 1080
LogInit: Compiled (64-bit): Sep 17 2018 12:26:19
LogInit: Compiled with Visual C++: 19.13.26129.00
LogInit: Build Configuration: Development
LogInit: Branch Name: ++UE4+Release-4.20
LogInit: Command Line: -EpicPortal  -epicusername="BKindred12" -epicuserid=22e83559fb2f44d7afd861775858fefd -epiclocale=en-US
LogInit: Base Directory: C:/Program Files/Epic Games/UE_4.20/Engine/Binaries/Win64/
LogInit: Installed Engine Build: 1
LogDevObjectVersion: Number of dev versions registered: 20
LogDevObjectVersion:   Dev-Blueprints (B0D832E4-1F89-4F0D-ACCF-7EB736FD4AA2): 10
LogDevObjectVersion:   Dev-Build (E1C64328-A22C-4D53-A36C-8E866417BD8C): 0
LogDevObjectVersion:   Dev-Core (375EC13C-06E4-48FB-B500-84F0262A717E): 2
LogDevObjectVersion:   Dev-Editor (E4B068ED-F494-42E9-A231-DA0B2E46BB41): 24
LogDevObjectVersion:   Dev-Framework (CFFC743F-43B0-4480-9391-14DF171D2073): 34
LogDevObjectVersion:   Dev-Mobile (B02B49B5-BB20-44E9-A304-32B752E40360): 2
LogDevObjectVersion:   Dev-Networking (A4E4105C-59A1-49B5-A7C5-40C4547EDFEE): 0
LogDevObjectVersion:   Dev-Online (39C831C9-5AE6-47DC-9A44-9C173E1C8E7C): 0
LogDevObjectVersion:   Dev-Physics (78F01B33-EBEA-4F98-B9B4-84EACCB95AA2): 0
LogDevObjectVersion:   Dev-Platform (6631380F-2D4D-43E0-8009-CF276956A95A): 0
LogDevObjectVersion:   Dev-Rendering (12F88B9F-8875-4AFC-A67C-D90C383ABD29): 26
LogDevObjectVersion:   Dev-Sequencer (7B5AE74C-D270-4C10-A958-57980B212A5A): 9
LogDevObjectVersion:   Dev-VR (D7296918-1DD6-4BDD-9DE2-64A83CC13884): 2
LogDevObjectVersion:   Dev-LoadTimes (C2A15278-BFE7-4AFE-6C17-90FF531DF755): 1
LogDevObjectVersion:   Private-Geometry (6EACA3D4-40EC-4CC1-B786-8BED09428FC5): 3
LogDevObjectVersion:   Dev-AnimPhys (29E575DD-E0A3-4627-9D10-D276232CDCEA): 17
LogDevObjectVersion:   Dev-ReflectionCapture (6B266CEC-1EC7-4B8F-A30B-E4D90942FC07): 1
LogDevObjectVersion:   Dev-Automation (0DF73D61-A23F-47EA-B727-89E90C41499A): 1
LogDevObjectVersion:   FortniteMain (601D1886-AC64-4F84-AA16-D3DE0DEAC7D6): 12
LogDevObjectVersion:   Dev-Enterprise (9DFFBCD6-494F-0158-E221-12823C92A888): 1
LogStreaming: Display: Took  0.000s to delete old logs.
LogInit: Presizing for max 8388607 objects, including 0 objects not considered by GC, pre-allocating 0 bytes for permanent pool.
LogInit: Object subsystem initialized
[2019.02.24-19.21.48:589][  0]LogInit: Selected Device Profile: [Windows]
[2019.02.24-19.21.48:589][  0]LogInit: Applying CVar settings loaded from the selected device profile: [Windows]
[2019.02.24-19.21.48:599][  0]LogHAL: Display: Platform has ~ 32 GB [34322599936 / 34359738368 / 32], which maps to Largest [LargestMinGB=32, LargerMinGB=12, DefaultMinGB=8, SmallerMinGB=6, SmallestMinGB=0)
[2019.02.24-19.21.48:599][  0]LogInit: Setting Device Profile CVar: [[r.Vulkan.UseRealUBs:1]]
[2019.02.24-19.21.48:599][  0]LogInit: Going up to parent DeviceProfile []
[2019.02.24-19.21.48:599][  0]LogInit: Computer: DESKTOP-KC0JE45
[2019.02.24-19.21.48:599][  0]LogInit: User: BryceKindred
[2019.02.24-19.21.48:599][  0]LogInit: CPU Page size=4096, Cores=4
[2019.02.24-19.21.48:599][  0]LogInit: High frequency timer resolution =4.101567 MHz
[2019.02.24-19.21.48:599][  0]LogMemory: Memory total: Physical=32.0GB (32GB approx)
[2019.02.24-19.21.48:599][  0]LogMemory: Platform Memory Stats for Windows
[2019.02.24-19.21.48:599][  0]LogMemory: Process Physical Memory: 101.21 MB used, 101.21 MB peak
[2019.02.24-19.21.48:599][  0]LogMemory: Process Virtual Memory: 94.07 MB used, 94.07 MB peak
[2019.02.24-19.21.48:599][  0]LogMemory: Physical Memory: 4857.66 MB used,  27874.92 MB free, 32732.58 MB total
[2019.02.24-19.21.48:599][  0]LogMemory: Virtual Memory: 4655.24 MB used,  27874.92 MB free, 134217728.00 MB total
[2019.02.24-19.21.48:613][  0]LogInit: Using OS detected language (en-US).
[2019.02.24-19.21.48:613][  0]LogInit: Using OS detected locale (en-US).
[2019.02.24-19.21.48:613][  0]LogTextLocalizationManager: No specific localization for 'en-US' exists, so the 'en' localization will be used.
[2019.02.24-19.21.48:878][  0]LogStreaming: Display: Took  0.265s to InitEngineTextLocalization.
[2019.02.24-19.21.48:878][  0]LogInit: Setting process to per monitor DPI aware
[2019.02.24-19.21.48:911][  0]LogSlate: New Slate User Created.  User Index 0, Is Virtual User: 0
[2019.02.24-19.21.48:911][  0]LogSlate: Slate User Registered.  User Index 0, Is Virtual User: 0
[2019.02.24-19.21.49:061][  0]LogHMD: Failed to initialize OpenVR with code 126
[2019.02.24-19.21.49:061][  0]LogD3D11RHI: D3D11 adapters:
[2019.02.24-19.21.49:107][  0]LogD3D11RHI:    0. 'NVIDIA GeForce GTX 1080' (Feature Level 11_0)
[2019.02.24-19.21.49:107][  0]LogD3D11RHI:       8079/0/16366 MB DedicatedVideo/DedicatedSystem/SharedSystem, Outputs:2, VendorId:0x10de
[2019.02.24-19.21.49:109][  0]LogD3D11RHI:    1. 'Microsoft Basic Render Driver' (Feature Level 11_0)
[2019.02.24-19.21.49:109][  0]LogD3D11RHI:       0/0/16366 MB DedicatedVideo/DedicatedSystem/SharedSystem, Outputs:0, VendorId:0x1414
[2019.02.24-19.21.49:109][  0]LogD3D11RHI: Chosen D3D11 Adapter: 0
[2019.02.24-19.21.49:114][  0]LogD3D11RHI: Creating new Direct3DDevice
[2019.02.24-19.21.49:114][  0]LogD3D11RHI:     GPU DeviceId: 0x1b80 (for the marketing name, search the web for "GPU Device Id")
[2019.02.24-19.21.49:114][  0]LogWindows: EnumDisplayDevices:
[2019.02.24-19.21.49:114][  0]LogWindows:    0. 'NVIDIA GeForce GTX 1080' (P:1 D:1)
[2019.02.24-19.21.49:115][  0]LogWindows:    1. 'NVIDIA GeForce GTX 1080' (P:0 D:1)
[2019.02.24-19.21.49:115][  0]LogWindows:    2. 'NVIDIA GeForce GTX 1080' (P:0 D:0)
[2019.02.24-19.21.49:115][  0]LogWindows:    3. 'NVIDIA GeForce GTX 1080' (P:0 D:0)
[2019.02.24-19.21.49:115][  0]LogWindows: DebugString: FoundDriverCount:4 
[2019.02.24-19.21.49:115][  0]LogD3D11RHI:     Adapter Name: NVIDIA GeForce GTX 1080
[2019.02.24-19.21.49:115][  0]LogD3D11RHI:   Driver Version: 416.94 (internal:25.21.14.1694, unified:416.94)
[2019.02.24-19.21.49:115][  0]LogD3D11RHI:      Driver Date: 11-12-2018
[2019.02.24-19.21.49:115][  0]LogRHI: Texture pool is 5655 MB (70% of 8079 MB)
[2019.02.24-19.21.49:147][  0]LogD3D11RHI: Async texture creation enabled
[2019.02.24-19.21.49:173][  0]LogD3D11RHI: GPU Timing Frequency: 1000.000000 (Debug: 2 2)
[2019.02.24-19.21.49:272][  0]LogShaderCompilers: Guid format shader working directory is -29 characters bigger than the processId version (../../../../../../Users/Bryce Kindred/Desktop/Github/BK_AssetPipeline/WoodMaterial/Intermediate/Shaders/WorkingDirectory/11812/).
[2019.02.24-19.21.49:272][  0]LogShaderCompilers: Cleaned the shader compiler working directory 'C:/Users/Bryce Kindred/AppData/Local/Temp/UnrealShaderWorkingDir/2F29DE9341011FF9F6DC279B0473C084/'.
[2019.02.24-19.21.49:478][  0]LogTemp: Display: Loaded TP AllDesktopTargetPlatform
[2019.02.24-19.21.49:488][  0]LogTemp: Display: Loaded TP MacClientTargetPlatform
[2019.02.24-19.21.49:498][  0]LogTemp: Display: Loaded TP MacNoEditorTargetPlatform
[2019.02.24-19.21.49:510][  0]LogTemp: Display: Loaded TP MacServerTargetPlatform
[2019.02.24-19.21.49:521][  0]LogTemp: Display: Loaded TP MacTargetPlatform
[2019.02.24-19.21.49:531][  0]LogTemp: Display: Loaded TP WindowsClientTargetPlatform
[2019.02.24-19.21.49:542][  0]LogTemp: Display: Loaded TP WindowsNoEditorTargetPlatform
[2019.02.24-19.21.49:552][  0]LogTemp: Display: Loaded TP WindowsServerTargetPlatform
[2019.02.24-19.21.49:557][  0]LogTemp: Display: Loaded TP WindowsTargetPlatform
[2019.02.24-19.21.49:614][  0]LogTemp: Display: Loaded TP AndroidTargetPlatform
[2019.02.24-19.21.49:614][  0]LogTemp: Display: Loaded TP AndroidTargetPlatform
[2019.02.24-19.21.49:614][  0]LogTemp: Display: Loaded TP AndroidTargetPlatform
[2019.02.24-19.21.49:614][  0]LogTemp: Display: Loaded TP AndroidTargetPlatform
[2019.02.24-19.21.49:614][  0]LogTemp: Display: Loaded TP AndroidTargetPlatform
[2019.02.24-19.21.49:614][  0]LogTemp: Display: Loaded TP AndroidTargetPlatform
[2019.02.24-19.21.49:614][  0]LogTemp: Display: Loaded TP AndroidTargetPlatform
[2019.02.24-19.21.49:614][  0]LogTemp: Display: Loaded TP AndroidTargetPlatform
[2019.02.24-19.21.49:614][  0]LogTemp: Display: Loaded TP AndroidTargetPlatform
[2019.02.24-19.21.49:614][  0]LogTemp: Display: Loaded TP AndroidTargetPlatform
[2019.02.24-19.21.49:614][  0]LogTemp: Display: Loaded TP AndroidTargetPlatform
[2019.02.24-19.21.49:614][  0]LogTemp: Display: Loaded TP AndroidTargetPlatform
[2019.02.24-19.21.49:614][  0]LogTemp: Display: Loaded TP AndroidTargetPlatform
[2019.02.24-19.21.49:614][  0]LogTemp: Display: Loaded TP AndroidTargetPlatform
[2019.02.24-19.21.49:614][  0]LogTemp: Display: Loaded TP AndroidTargetPlatform
[2019.02.24-19.21.49:614][  0]LogTemp: Display: Loaded TP AndroidTargetPlatform
[2019.02.24-19.21.49:614][  0]LogTemp: Display: Loaded TP AndroidTargetPlatform
[2019.02.24-19.21.49:614][  0]LogTemp: Display: Loaded TP AndroidTargetPlatform
[2019.02.24-19.21.49:615][  0]LogTemp: Display: Loaded TP HTML5TargetPlatform
[2019.02.24-19.21.49:671][  0]LogTemp: Display: Loaded TP IOSTargetPlatform
[2019.02.24-19.21.49:671][  0]LogTemp: Display: Loaded TP IOSTargetPlatform
[2019.02.24-19.21.49:689][  0]LogTemp: Display: Loaded TP TVOSTargetPlatform
[2019.02.24-19.21.49:689][  0]LogTemp: Display: Loaded TP TVOSTargetPlatform
[2019.02.24-19.21.49:698][  0]LogTemp: Display: Loaded TP LinuxClientTargetPlatform
[2019.02.24-19.21.49:708][  0]LogTemp: Display: Loaded TP LinuxNoEditorTargetPlatform
[2019.02.24-19.21.49:718][  0]LogTemp: Display: Loaded TP LinuxServerTargetPlatform
[2019.02.24-19.21.49:728][  0]LogTemp: Display: Loaded TP LinuxTargetPlatform
[2019.02.24-19.21.49:734][  0]LogTemp: Display: Loaded TP LuminTargetPlatform
[2019.02.24-19.21.49:734][  0]LogTargetPlatformManager: Display: Building Assets For Windows
[2019.02.24-19.21.49:781][  0]LogXGEController: Cannot use XGE Controller as Incredibuild is not installed on this machine.
[2019.02.24-19.21.49:781][  0]LogShaderCompilers: Cannot use XGE Shader Compiler as Incredibuild is not installed on this machine.
[2019.02.24-19.21.49:781][  0]LogShaderCompilers: Display: Using Local Shader Compiler.
[2019.02.24-19.21.50:327][  0]LogDerivedDataCache: Display: Max Cache Size: 512 MB
[2019.02.24-19.21.50:367][  0]LogDerivedDataCache: Loaded boot cache 0.04s 71MB C:/Users/Bryce Kindred/AppData/Local/UnrealEngine/4.20/DerivedDataCache/Boot.ddc.
[2019.02.24-19.21.50:367][  0]LogDerivedDataCache: Display: Loaded Boot cache: C:/Users/Bryce Kindred/AppData/Local/UnrealEngine/4.20/DerivedDataCache/Boot.ddc
[2019.02.24-19.21.50:368][  0]LogDerivedDataCache: FDerivedDataBackendGraph:  Pak pak cache file ../../../../../../Users/Bryce Kindred/Desktop/Github/BK_AssetPipeline/WoodMaterial/DerivedDataCache/DDC.ddp not found, will not use a pak cache.
[2019.02.24-19.21.50:368][  0]LogDerivedDataCache: Unable to find inner node Pak for hierarchical cache Hierarchy.
[2019.02.24-19.21.50:368][  0]LogDerivedDataCache: FDerivedDataBackendGraph:  CompressedPak pak cache file ../../../../../../Users/Bryce Kindred/Desktop/Github/BK_AssetPipeline/WoodMaterial/DerivedDataCache/Compressed.ddp not found, will not use a pak cache.
[2019.02.24-19.21.50:368][  0]LogDerivedDataCache: Unable to find inner node CompressedPak for hierarchical cache Hierarchy.
[2019.02.24-19.21.50:377][  0]LogDerivedDataCache: Display: Pak cache opened for reading ../../../Engine/DerivedDataCache/Compressed.ddp.
[2019.02.24-19.21.50:389][  0]LogDerivedDataCache: Using Local data cache path C:/Users/Bryce Kindred/AppData/Local/UnrealEngine/Common/DerivedDataCache: Writable
[2019.02.24-19.21.50:389][  0]LogDerivedDataCache: Shared data cache path not found in *engine.ini, will not use an Shared cache.
[2019.02.24-19.21.50:389][  0]LogDerivedDataCache: Unable to find inner node Shared for hierarchical cache Hierarchy.
[2019.02.24-19.21.50:402][  0]LogMaterial: Verifying Global Shaders for PCD3D_SM5
[2019.02.24-19.21.50:403][  0]LogSlate: Using FreeType 2.6.0
[2019.02.24-19.21.50:404][  0]LogSlate: SlateFontServices - WITH_FREETYPE: 1, WITH_HARFBUZZ: 1
[2019.02.24-19.21.50:464][  0]LogAssetRegistry: FAssetRegistry took 0.0245 seconds to start up
[2019.02.24-19.21.50:721][  0]LogInit: Selected Device Profile: [Windows]
[2019.02.24-19.21.50:820][  0]LogSimplygon: Simplygon DLL not present - disabling.
[2019.02.24-19.21.50:823][  0]LogMeshReduction: Using SimplygonSwarm for distributed automatic mesh merging
[2019.02.24-19.21.50:823][  0]LogMeshReduction: Using ProxyLODMeshReduction for automatic mesh merging
[2019.02.24-19.21.50:823][  0]LogMeshReduction: Using QuadricMeshReduction for automatic static mesh reduction
[2019.02.24-19.21.50:823][  0]LogMeshReduction: No automatic skeletal mesh reduction module available
[2019.02.24-19.21.50:836][  0]LogNetVersion: WoodMaterial 1.0.0, NetCL: 4212847, EngineNetVer: 5, GameNetVer: 0 (Checksum: 965307409)
[2019.02.24-19.21.51:246][  0]LogPackageLocalizationCache: Processed 11 localized package path(s) for 2 prioritized culture(s) in 0.092848 seconds
[2019.02.24-19.21.51:251][  0]LogUObjectArray: 38425 objects as part of root set at end of initial load.
[2019.02.24-19.21.51:251][  0]LogUObjectAllocator: 6690864 out of 0 bytes used by permanent object pool.
[2019.02.24-19.21.51:251][  0]LogUObjectArray: CloseDisregardForGC: 0/0 objects in disregard for GC pool
[2019.02.24-19.21.51:908][  0]LogTcpMessaging: Initializing TcpMessaging bridge
[2019.02.24-19.21.51:921][  0]LogUdpMessaging: Initializing bridge on interface 0.0.0.0:0 to multicast group 230.0.0.1:6666.
[2019.02.24-19.21.52:048][  0]SourceControl: Source control is disabled
[2019.02.24-19.21.52:048][  0]SourceControl: Source control is disabled
[2019.02.24-19.21.52:049][  0]SourceControl: Source control is disabled
[2019.02.24-19.21.52:050][  0]SourceControl: Source control is disabled
[2019.02.24-19.21.52:197][  0]LogAndroidPermission: UAndroidPermissionCallbackProxy::GetInstance
[2019.02.24-19.21.52:273][  0]LogOcInput: OculusInput pre-init called
[2019.02.24-19.21.52:322][  0]LogEngine: Initializing Engine...
[2019.02.24-19.21.52:337][  0]LogHMD: Failed to initialize OpenVR with code 126
[2019.02.24-19.21.52:339][  0]LogStats: UGameplayTagsManager::ConstructGameplayTagTree: ImportINI prefixes -  0.000 s
[2019.02.24-19.21.52:339][  0]LogStats: UGameplayTagsManager::ConstructGameplayTagTree: Construct from data asset -  0.000 s
[2019.02.24-19.21.52:339][  0]LogStats: UGameplayTagsManager::ConstructGameplayTagTree: ImportINI -  0.000 s
[2019.02.24-19.21.52:339][  0]LogStats: UGameplayTagsManager::ConstructGameplayTagTree: GameplayTagTreeChangedEvent.Broadcast -  0.000 s
[2019.02.24-19.21.52:497][  0]LogInit: Initializing FReadOnlyCVARCache
[2019.02.24-19.21.52:508][  0]LogAIModule: Creating AISystem for world Untitled
[2019.02.24-19.21.52:532][  0]LogInit: XAudio2 using 'Headphones (SteelSeries Arctis 5 Game)' : 2 channels at 48 kHz using 16 bits per sample (channel mask 0x3)
[2019.02.24-19.21.52:550][  0]LogInit: FAudioDevice initialized.
[2019.02.24-19.21.52:551][  0]LogNetVersion: Set ProjectVersion to 1.0.0.0. Version Checksum will be recalculated on next use.
[2019.02.24-19.21.52:629][  0]LogDerivedDataCache: Saved boot cache 0.08s 71MB C:/Users/Bryce Kindred/AppData/Local/UnrealEngine/4.20/DerivedDataCache/Boot.ddc.
[2019.02.24-19.21.52:646][  0]LogInit: Texture streaming: Enabled
[2019.02.24-19.21.52:660][  0]LogEngineSessionManager: EngineSessionManager initialized
[2019.02.24-19.21.52:674][  0]LogInit: Transaction tracking system initialized
[2019.02.24-19.21.52:698][  0]BlueprintLog: New page: Editor Load
[2019.02.24-19.21.52:758][  0]LocalizationService: Localization service is disabled
[2019.02.24-19.21.52:963][  0]LogCook: Display: Max memory allowance for cook 16384mb min free memory 0mb
[2019.02.24-19.21.52:963][  0]LogFileCache: Scanning file cache for directory 'C:/Users/Bryce Kindred/Desktop/Github/BK_AssetPipeline/WoodMaterial/Content/' took 0.01s
[2019.02.24-19.21.52:963][  0]LogCook: Display: Mobile HDR setting 1
[2019.02.24-19.21.52:963][  0]LogGameplayTags: Display: UGameplayTagsManager::DoneAddingNativeTags. DelegateIsBound: 0
[2019.02.24-19.21.52:963][  0]LogStats: UGameplayTagsManager::ConstructGameplayTagTree: ImportINI prefixes -  0.000 s
[2019.02.24-19.21.52:963][  0]LogStats: UGameplayTagsManager::ConstructGameplayTagTree: Construct from data asset -  0.000 s
[2019.02.24-19.21.52:963][  0]LogStats: UGameplayTagsManager::ConstructGameplayTagTree: ImportINI -  0.000 s
[2019.02.24-19.21.52:963][  0]LogStats: UGameplayTagsManager::ConstructGameplayTagTree: GameplayTagTreeChangedEvent.Broadcast -  0.000 s
[2019.02.24-19.21.53:063][  0]SourceControl: Source control is disabled
[2019.02.24-19.21.53:063][  0]Cmd: MAP LOAD FILE="../../../Engine/Content/Maps/Templates/Template_Default.umap" TEMPLATE=1 SHOWPROGRESS=1 FEATURELEVEL=3
[2019.02.24-19.21.53:064][  0]LightingResults: New page: Lighting Build
[2019.02.24-19.21.53:066][  0]MapCheck: New page: Map Check
[2019.02.24-19.21.53:066][  0]LightingResults: New page: Lighting Build
[2019.02.24-19.21.53:220][  0]LogAIModule: Creating AISystem for world Untitled_1
[2019.02.24-19.21.53:224][  0]LogEditorServer: Finished looking for orphan Actors (0.000 secs)
[2019.02.24-19.21.53:242][  0]Cmd: MAP CHECKDEP NOCLEARLOG
[2019.02.24-19.21.53:291][  0]MapCheck: Map check complete: 0 Error(s), 0 Warning(s), took 48.953ms to complete.
[2019.02.24-19.21.53:291][  0]LogFileHelpers: Loading map 'Template_Default' took 0.227
[2019.02.24-19.21.53:410][  0]LogSlate: Updating window title bar state: overlay mode, drag disabled, window buttons hidden, title bar hidden
[2019.02.24-19.21.53:417][  0]LogSlate: Updating window title bar state: overlay mode, drag disabled, window buttons hidden, title bar hidden
[2019.02.24-19.21.53:422][  0]LogSlate: Updating window title bar state: overlay mode, drag disabled, window buttons hidden, title bar hidden
[2019.02.24-19.21.53:428][  0]LogSlate: Updating window title bar state: overlay mode, drag disabled, window buttons hidden, title bar hidden
[2019.02.24-19.21.53:438][  0]LogCollectionManager: Loaded 0 collections in 0.001374 seconds
[2019.02.24-19.21.53:492][  0]LogFileCache: Scanning file cache for directory 'C:/Users/Bryce Kindred/Desktop/Github/BK_AssetPipeline/WoodMaterial/Saved/Collections/' took 0.01s
[2019.02.24-19.21.53:492][  0]LogFileCache: Scanning file cache for directory 'C:/Users/Bryce Kindred/Desktop/Github/BK_AssetPipeline/WoodMaterial/Content/Developers/BryceKindred/Collections/' took 0.01s
[2019.02.24-19.21.53:492][  0]LogFileCache: Scanning file cache for directory 'C:/Users/Bryce Kindred/Desktop/Github/BK_AssetPipeline/WoodMaterial/Content/Collections/' took 0.01s
[2019.02.24-19.21.53:492][  0]LogCollectionManager: Rebuilt the GUID cache for 0 collections in 0.000000 seconds
[2019.02.24-19.21.53:501][  0]LogContentBrowser: Native class hierarchy populated in 0.0083 seconds. Added 2572 classes and 603 folders.
[2019.02.24-19.21.53:513][  0]LogContentBrowser: Native class hierarchy updated for 'WidgetCarousel' in 0.0002 seconds. Added 0 classes and 0 folders.
[2019.02.24-19.21.53:796][  0]LogContentBrowser: Native class hierarchy updated for 'AddContentDialog' in 0.0002 seconds. Added 0 classes and 0 folders.
[2019.02.24-19.21.53:807][  0]LogContentBrowser: Native class hierarchy updated for 'SceneOutliner' in 0.0002 seconds. Added 1 classes and 2 folders.
[2019.02.24-19.21.53:843][  0]LogSlate: Took 0.000170 seconds to synchronously load lazily loaded font '../../../Engine/Content/Slate/Fonts/Roboto-Regular.ttf' (155K)
[2019.02.24-19.21.53:845][  0]LogSlate: Took 0.000176 seconds to synchronously load lazily loaded font '../../../Engine/Content/Slate/Fonts/Roboto-Bold.ttf' (160K)
[2019.02.24-19.21.53:855][  0]LogSlate: Took 0.003714 seconds to synchronously load lazily loaded font '../../../Engine/Content/Editor/Slate/Fonts/FontAwesome.ttf' (139K)
[2019.02.24-19.21.53:936][  0]LogRenderer: Reallocating scene render targets to support 1228x536 Format 10 NumSamples 1 (Frame:1).
[2019.02.24-19.21.54:054][  0]LogContentBrowser: Native class hierarchy updated for 'HierarchicalLODOutliner' in 0.0002 seconds. Added 0 classes and 0 folders.
[2019.02.24-19.21.54:054][  0]LogLoad: (Engine Initialization) Total time: 7.49 seconds
[2019.02.24-19.21.54:054][  0]LogLoad: (Engine Initialization) Total Blueprint compile time: 0.00 seconds
[2019.02.24-19.21.54:064][  0]LogWindowsTextInputMethodSystem: Display: IME system now deactivated.
[2019.02.24-19.21.54:088][  0]LogContentStreaming: Texture pool size now 1000 MB
[2019.02.24-19.21.55:078][114]LogSlate: Took 0.004287 seconds to synchronously load lazily loaded font '../../../Engine/Content/Slate/Fonts/Roboto-Light.ttf' (167K)
[2019.02.24-19.21.57:117][359]LogAssetRegistry: Asset discovery search completed in 6.6753 seconds
[2019.02.24-19.21.57:118][359]LogCollectionManager: Rebuilt the object cache for 0 collections in 0.000000 seconds (found 0 objects)
[2019.02.24-19.21.57:118][359]LogCollectionManager: Fixed up redirectors for 0 collections in 0.000036 seconds (updated 0 objects)
[2019.02.24-19.21.58:119][478]LogSlate: Took 0.000160 seconds to synchronously load lazily loaded font '../../../Engine/Content/Slate/Fonts/Roboto-Light.ttf' (167K)
[2019.02.24-19.22.08:586][733]LogSlate: FSceneViewport::OnFocusLost() reason 0
[2019.02.24-19.22.09:620][744]LogTexture: Display: Building textures: BlackGraphic (AutoDXT, 512X512)
[2019.02.24-19.22.09:620][744]LogTexture: Display: Building textures: SpotGraphic (AutoDXT, 2048X2048)
[2019.02.24-19.22.09:620][744]LogTexture: Display: Building textures: SeamlessNorm_002 (BC5, 2048X2048)
[2019.02.24-19.22.09:620][744]LogTexture: Display: Building textures: Seamless_002 (AutoDXT, 2048X2048)
[2019.02.24-19.22.09:620][744]LogMaterial: Display: Missing cached shader map for material M_WoodBlockMaster_BK, compiling. 
[2019.02.24-19.22.09:674][744]LogShaderCompilers: Display: Shaders left to compile 22
[2019.02.24-19.22.09:674][744]LogShaderCompilers: Display: Shaders left to compile 12
[2019.02.24-19.22.09:674][744]LogShaderCompilers: Display: Shaders left to compile 2
[2019.02.24-19.23.23:090][128]LogSlate: Window 'Asset Report' being destroyed
[2019.02.24-19.24.54:230][743]LogSavePackage: Moving '../../../../../../Users/Bryce Kindred/Desktop/Github/BK_AssetPipeline/WoodMaterial/Saved/MI_WoodBlockMaster_BK01C5598A4C26FA42387A9C92CE817E74.tmp' to '../../../../../../Users/Bryce Kindred/Desktop/Github/BK_AssetPipeline/WoodMaterial/Content/BK_WoodMaterials/MI_WoodBlockMaster_BK.uasset'
[2019.02.24-19.24.54:256][743]LogSavePackage: Moving '../../../../../../Users/Bryce Kindred/Desktop/Github/BK_AssetPipeline/WoodMaterial/Saved/SpotGraphic444DDAD548221248F1429394C47AD35D.tmp' to '../../../../../../Users/Bryce Kindred/Desktop/Github/BK_AssetPipeline/WoodMaterial/Content/BK_WoodMaterials/SpotGraphic.uasset'
[2019.02.24-19.24.54:293][743]LogSavePackage: Moving '../../../../../../Users/Bryce Kindred/Desktop/Github/BK_AssetPipeline/WoodMaterial/Saved/M_WoodBlockMaster_BKA0D9EB17410D33723EF85783E583F631.tmp' to '../../../../../../Users/Bryce Kindred/Desktop/Github/BK_AssetPipeline/WoodMaterial/Content/BK_WoodMaterials/M_WoodBlockMaster_BK.uasset'
[2019.02.24-19.24.54:308][743]LogSavePackage: Moving '../../../../../../Users/Bryce Kindred/Desktop/Github/BK_AssetPipeline/WoodMaterial/Saved/M_WoodBlockMaster_BK3224D7814D54B168771EF5A5F7B8EE0A.tmp' to '../../../../../../Users/Bryce Kindred/Desktop/Github/BK_AssetPipeline/WoodMaterial/Content/WoodMaterials/M_WoodBlockMaster_BK.uasset'
[2019.02.24-19.24.54:389][743]LogSavePackage: Moving '../../../../../../Users/Bryce Kindred/Desktop/Github/BK_AssetPipeline/WoodMaterial/Saved/SeamlessNorm_00288246B904C3F80F608904CAF254B012A.tmp' to '../../../../../../Users/Bryce Kindred/Desktop/Github/BK_AssetPipeline/WoodMaterial/Content/BK_WoodMaterials/SeamlessNorm_002.uasset'
[2019.02.24-19.24.54:443][743]LogSavePackage: Moving '../../../../../../Users/Bryce Kindred/Desktop/Github/BK_AssetPipeline/WoodMaterial/Saved/Seamless_002059846F044A324008373D0818191A3BE.tmp' to '../../../../../../Users/Bryce Kindred/Desktop/Github/BK_AssetPipeline/WoodMaterial/Content/BK_WoodMaterials/Seamless_002.uasset'
[2019.02.24-19.24.54:460][743]LogSavePackage: Moving '../../../../../../Users/Bryce Kindred/Desktop/Github/BK_AssetPipeline/WoodMaterial/Saved/BlackGraphicBCF977314721C39D0790C5950CC6BB7F.tmp' to '../../../../../../Users/Bryce Kindred/Desktop/Github/BK_AssetPipeline/WoodMaterial/Content/BK_WoodMaterials/BlackGraphic.uasset'
[2019.02.24-19.25.08:934][427]LogSlate: Window 'Asset Report' being destroyed
[2019.02.24-19.25.43:661][427]AssetTools: New page: Content migration completed successfully!
[2019.02.24-19.25.43:661][427]AssetTools: /Game/BK_WoodMaterials/MI_WoodBlockMaster_BK
[2019.02.24-19.25.43:661][427]AssetTools: /Game/BK_WoodMaterials/M_WoodBlockMaster_BK
[2019.02.24-19.25.43:661][427]AssetTools: /Game/BK_WoodMaterials/BlackGraphic
[2019.02.24-19.25.43:661][427]AssetTools: /Game/BK_WoodMaterials/Seamless_002
[2019.02.24-19.25.43:661][427]AssetTools: /Game/BK_WoodMaterials/SeamlessNorm_002
[2019.02.24-19.25.43:661][427]AssetTools: /Game/BK_WoodMaterials/SpotGraphic
[2019.02.24-19.25.51:715][391]LogUProjectInfo: Found projects:
[2019.02.24-19.26.08:966][703]Cmd: CLOSE_SLATE_MAINFRAME
[2019.02.24-19.26.09:032][703]LogSlate: Window 'Open Project' being destroyed
[2019.02.24-19.26.09:033][703]LogSlate: Window 'WoodMaterial - Unreal Editor' being destroyed
[2019.02.24-19.26.09:189][704]Cmd: QUIT_EDITOR
[2019.02.24-19.26.09:229][704]LogWindowsTextInputMethodSystem: Display: IME system now deactivated.
[2019.02.24-19.26.09:237][704]LogExit: Preparing to exit.
[2019.02.24-19.26.10:069][704]LogExit: Editor shut down
[2019.02.24-19.26.10:069][704]LogExit: Transaction tracking system shut down
[2019.02.24-19.26.10:437][704]LogExit: Object subsystem successfully closed.
[2019.02.24-19.26.10:454][704]LogShaderCompilers: Display: Shaders left to compile 0
[2019.02.24-19.26.10:456][704]LogD3D11RHI: Shutdown
[2019.02.24-19.26.10:456][704]LogD3D11RHI: CleanupD3DDevice
[2019.02.24-19.26.10:457][704]LogD3D11RHI: ~FD3D11DynamicRHI
[2019.02.24-19.26.10:473][704]LogModuleManager: Shutting down and abandoning module HierarchicalLODOutliner (612)
[2019.02.24-19.26.10:473][704]LogModuleManager: Shutting down and abandoning module SceneOutliner (610)
[2019.02.24-19.26.10:474][704]LogModuleManager: Shutting down and abandoning module AddContentDialog (608)
[2019.02.24-19.26.10:474][704]LogModuleManager: Shutting down and abandoning module WidgetCarousel (607)
[2019.02.24-19.26.10:474][704]LogModuleManager: Shutting down and abandoning module EditorWidgets (604)
[2019.02.24-19.26.10:474][704]LogModuleManager: Shutting down and abandoning module CollectionManager (602)
[2019.02.24-19.26.10:475][704]LogModuleManager: Shutting down and abandoning module HierarchicalLODUtilities (600)
[2019.02.24-19.26.10:475][704]LogModuleManager: Shutting down and abandoning module StatsViewer (598)
[2019.02.24-19.26.10:475][704]LogModuleManager: Shutting down and abandoning module FoliageEdit (596)
[2019.02.24-19.26.10:475][704]LogModuleManager: Shutting down and abandoning module LandscapeEditor (594)
[2019.02.24-19.26.10:475][704]LogModuleManager: Shutting down and abandoning module MeshPaintMode (592)
[2019.02.24-19.26.10:475][704]LogModuleManager: Shutting down and abandoning module SceneDepthPickerMode (590)
[2019.02.24-19.26.10:475][704]LogModuleManager: Shutting down and abandoning module ActorPickerMode (588)
[2019.02.24-19.26.10:475][704]LogModuleManager: Shutting down and abandoning module GeometryMode (586)
[2019.02.24-19.26.10:475][704]LogModuleManager: Shutting down and abandoning module TextureAlignMode (584)
[2019.02.24-19.26.10:475][704]LogModuleManager: Shutting down and abandoning module BspMode (582)
[2019.02.24-19.26.10:475][704]LogModuleManager: Shutting down and abandoning module PIEPreviewDeviceProfileSelector (580)
[2019.02.24-19.26.10:475][704]LogModuleManager: Shutting down and abandoning module SequenceRecorderSections (578)
[2019.02.24-19.26.10:475][704]LogModuleManager: Shutting down and abandoning module AutomationWorker (576)
[2019.02.24-19.26.10:475][704]LogModuleManager: Shutting down and abandoning module AudioCaptureEditor (574)
[2019.02.24-19.26.10:475][704]LogModuleManager: Shutting down and abandoning module SequenceRecorder (573)
[2019.02.24-19.26.10:475][704]LogModuleManager: Shutting down and abandoning module MatineeToLevelSequence (570)
[2019.02.24-19.26.10:475][704]LogModuleManager: Shutting down and abandoning module LevelSequenceEditor (568)
[2019.02.24-19.26.10:475][704]LogModuleManager: Shutting down and abandoning module PlacementMode (567)
[2019.02.24-19.26.10:475][704]LogModuleManager: Shutting down and abandoning module MaterialEditor (566)
[2019.02.24-19.26.10:475][704]LogModuleManager: Shutting down and abandoning module WmfMediaFactory (562)
[2019.02.24-19.26.10:475][704]LogModuleManager: Shutting down and abandoning module WmfMediaEditor (560)
[2019.02.24-19.26.10:475][704]LogModuleManager: Shutting down and abandoning module MediaPlayerEditor (558)
[2019.02.24-19.26.10:475][704]LogModuleManager: Shutting down and abandoning module OpenExrWrapper (556)
[2019.02.24-19.26.10:475][704]LogModuleManager: Shutting down and abandoning module ImgMediaFactory (554)
[2019.02.24-19.26.10:475][704]LogModuleManager: Shutting down and abandoning module ImgMediaEditor (552)
[2019.02.24-19.26.10:475][704]LogModuleManager: Shutting down and abandoning module AvfMediaFactory (550)
[2019.02.24-19.26.10:475][704]LogModuleManager: Shutting down and abandoning module AvfMediaEditor (548)
[2019.02.24-19.26.10:475][704]LogModuleManager: Shutting down and abandoning module AndroidMediaFactory (546)
[2019.02.24-19.26.10:475][704]LogModuleManager: Shutting down and abandoning module AndroidMediaEditor (544)
[2019.02.24-19.26.10:475][704]LogModuleManager: Shutting down and abandoning module MagicLeapCameraPreviewFactory (542)
[2019.02.24-19.26.10:475][704]LogModuleManager: Shutting down and abandoning module MagicLeapMediaFactory (540)
[2019.02.24-19.26.10:475][704]LogModuleManager: Shutting down and abandoning module MagicLeapMediaEditor (538)
[2019.02.24-19.26.10:475][704]LogModuleManager: Shutting down and abandoning module CharacterAI (536)
[2019.02.24-19.26.10:475][704]LogModuleManager: Shutting down and abandoning module SmartSnapping (534)
[2019.02.24-19.26.10:475][704]LogModuleManager: Shutting down and abandoning module SessionServices (532)
[2019.02.24-19.26.10:475][704]LogModuleManager: Shutting down and abandoning module ViewportSnapping (530)
[2019.02.24-19.26.10:475][704]LogModuleManager: Shutting down and abandoning module ViewportInteraction (528)
[2019.02.24-19.26.10:475][704]LogModuleManager: Shutting down and abandoning module ClothPainter (526)
[2019.02.24-19.26.10:475][704]LogModuleManager: Shutting down and abandoning module SkeletalMeshEditor (525)
[2019.02.24-19.26.10:475][704]LogModuleManager: Shutting down and abandoning module LogVisualizer (522)
[2019.02.24-19.26.10:475][704]LogModuleManager: Shutting down and abandoning module IntroTutorials (520)
[2019.02.24-19.26.10:475][704]LogModuleManager: Shutting down and abandoning module GameProjectGeneration (519)
[2019.02.24-19.26.10:475][704]LogModuleManager: Shutting down and abandoning module LuminPlatformEditor (516)
[2019.02.24-19.26.10:475][704]LogModuleManager: Shutting down and abandoning module IOSPlatformEditor (514)
[2019.02.24-19.26.10:475][704]LogModuleManager: Shutting down and abandoning module HTML5PlatformEditor (512)
[2019.02.24-19.26.10:475][704]LogModuleManager: Shutting down and abandoning module AndroidPlatformEditor (510)
[2019.02.24-19.26.10:475][704]LogModuleManager: Shutting down and abandoning module AndroidDeviceDetection (509)
[2019.02.24-19.26.10:938][704]LogModuleManager: Shutting down and abandoning module WindowsPlatformEditor (506)
[2019.02.24-19.26.10:938][704]LogModuleManager: Shutting down and abandoning module LuminRuntimeSettings (504)
[2019.02.24-19.26.10:938][704]LogModuleManager: Shutting down and abandoning module IOSRuntimeSettings (502)
[2019.02.24-19.26.10:938][704]LogModuleManager: Shutting down and abandoning module AndroidRuntimeSettings (500)
[2019.02.24-19.26.10:938][704]LogModuleManager: Shutting down and abandoning module InputBindingEditor (498)
[2019.02.24-19.26.10:938][704]LogModuleManager: Shutting down and abandoning module MergeActors (496)
[2019.02.24-19.26.10:938][704]LogModuleManager: Shutting down and abandoning module LocalizationDashboard (494)
[2019.02.24-19.26.10:938][704]LogModuleManager: Shutting down and abandoning module LocalizationService (493)
[2019.02.24-19.26.10:938][704]LogModuleManager: Shutting down and abandoning module HardwareTargeting (490)
[2019.02.24-19.26.10:938][704]LogModuleManager: Shutting down and abandoning module DeviceProfileEditor (488)
[2019.02.24-19.26.10:938][704]LogModuleManager: Shutting down and abandoning module UndoHistory (486)
[2019.02.24-19.26.10:938][704]LogModuleManager: Shutting down and abandoning module XmlParser (484)
[2019.02.24-19.26.10:938][704]LogModuleManager: Shutting down and abandoning module Blutility (482)
[2019.02.24-19.26.10:938][704]LogModuleManager: Shutting down and abandoning module ProjectSettingsViewer (480)
[2019.02.24-19.26.10:938][704]LogModuleManager: Shutting down and abandoning module ProjectTargetPlatformEditor (479)
[2019.02.24-19.26.10:938][704]LogModuleManager: Shutting down and abandoning module EditorSettingsViewer (476)
[2019.02.24-19.26.10:938][704]LogModuleManager: Shutting down and abandoning module SettingsEditor (474)
[2019.02.24-19.26.10:938][704]LogModuleManager: Shutting down and abandoning module ProjectLauncher (472)
[2019.02.24-19.26.10:938][704]LogModuleManager: Shutting down and abandoning module SessionFrontend (470)
[2019.02.24-19.26.10:938][704]LogModuleManager: Shutting down and abandoning module ProfilerClient (468)
[2019.02.24-19.26.10:938][704]LogModuleManager: Shutting down and abandoning module DeviceManager (466)
[2019.02.24-19.26.10:939][704]LogModuleManager: Shutting down and abandoning module TargetDeviceServices (465)
[2019.02.24-19.26.10:993][704]LogModuleManager: Shutting down and abandoning module AutomationController (462)
[2019.02.24-19.26.10:993][704]LogModuleManager: Shutting down and abandoning module AutomationWindow (460)
[2019.02.24-19.26.10:993][704]LogModuleManager: Shutting down and abandoning module Layers (458)
[2019.02.24-19.26.10:993][704]LogModuleManager: Shutting down and abandoning module ComponentVisualizers (456)
[2019.02.24-19.26.10:993][704]LogModuleManager: Shutting down and abandoning module DetailCustomizations (454)
[2019.02.24-19.26.10:993][704]LogModuleManager: Shutting down and abandoning module PackagesDialog (452)
[2019.02.24-19.26.10:993][704]LogModuleManager: Shutting down and abandoning module Persona (450)
[2019.02.24-19.26.10:993][704]LogModuleManager: Shutting down and abandoning module AdvancedPreviewScene (449)
[2019.02.24-19.26.10:993][704]LogModuleManager: Shutting down and abandoning module AnimGraph (447)
[2019.02.24-19.26.10:993][704]LogModuleManager: Shutting down and abandoning module Kismet (444)
[2019.02.24-19.26.10:993][704]LogModuleManager: Shutting down and abandoning module GraphEditor (442)
[2019.02.24-19.26.10:993][704]LogModuleManager: Shutting down and abandoning module ClassViewer (440)
[2019.02.24-19.26.10:993][704]LogModuleManager: Shutting down and abandoning module Toolbox (438)
[2019.02.24-19.26.10:993][704]LogModuleManager: Shutting down and abandoning module ModuleUI (436)
[2019.02.24-19.26.10:993][704]LogModuleManager: Shutting down and abandoning module MovieSceneTools (434)
[2019.02.24-19.26.10:993][704]LogModuleManager: Shutting down and abandoning module OutputLog (432)
[2019.02.24-19.26.10:993][704]LogModuleManager: Shutting down and abandoning module GammaUI (430)
[2019.02.24-19.26.10:993][704]LogModuleManager: Shutting down and abandoning module Documentation (428)
[2019.02.24-19.26.10:993][704]LogModuleManager: Shutting down and abandoning module MovieSceneTracks (426)
[2019.02.24-19.26.10:993][704]LogModuleManager: Shutting down and abandoning module MovieScene (424)
[2019.02.24-19.26.10:993][704]LogModuleManager: Shutting down and abandoning module StreamingPauseRendering (422)
[2019.02.24-19.26.10:993][704]LogModuleManager: Shutting down and abandoning module LauncherPlatform (420)
[2019.02.24-19.26.10:993][704]LogModuleManager: Shutting down and abandoning module AnalyticsET (418)
[2019.02.24-19.26.10:993][704]LogModuleManager: Shutting down and abandoning module PortalServices (416)
[2019.02.24-19.26.10:993][704]LogModuleManager: Shutting down and abandoning module PortalRpc (414)
[2019.02.24-19.26.10:993][704]LogModuleManager: Shutting down and abandoning module MessagingRpc (412)
[2019.02.24-19.26.10:993][704]LogModuleManager: Shutting down and abandoning module AIModule (410)
[2019.02.24-19.26.10:993][704]LogModuleManager: Shutting down and abandoning module GameplayDebugger (409)
[2019.02.24-19.26.10:994][704]LogModuleManager: Shutting down and abandoning module AITestSuite (407)
[2019.02.24-19.26.10:994][704]LogModuleManager: Shutting down and abandoning module NavigationSystem (405)
[2019.02.24-19.26.10:994][704]LogModuleManager: Shutting down and abandoning module DesktopPlatform (402)
[2019.02.24-19.26.10:994][704]LogModuleManager: Shutting down and abandoning module ProfilerService (400)
[2019.02.24-19.26.11:051][704]LogModuleManager: Shutting down and abandoning module TaskGraph (398)
[2019.02.24-19.26.11:051][704]LogModuleManager: Shutting down and abandoning module SteamVRController (396)
[2019.02.24-19.26.11:051][704]LogModuleManager: Shutting down and abandoning module ProceduralMeshComponentEditor (394)
[2019.02.24-19.26.11:051][704]LogModuleManager: Shutting down and abandoning module ProceduralMeshComponent (392)
[2019.02.24-19.26.11:051][704]LogModuleManager: Shutting down and abandoning module OculusInput (390)
[2019.02.24-19.26.11:051][704]LogModuleManager: Shutting down and abandoning module MobilePatchingUtils (388)
[2019.02.24-19.26.11:051][704]LogModuleManager: Shutting down and abandoning module EditableMesh (386)
[2019.02.24-19.26.11:051][704]LogModuleManager: Shutting down and abandoning module CustomMeshComponent (384)
[2019.02.24-19.26.11:051][704]LogModuleManager: Shutting down and abandoning module CableComponent (382)
[2019.02.24-19.26.11:051][704]LogModuleManager: Shutting down and abandoning module AudioCapture (380)
[2019.02.24-19.26.11:051][704]LogModuleManager: Shutting down and abandoning module ArchVisCharacter (378)
[2019.02.24-19.26.11:051][704]LogModuleManager: Shutting down and abandoning module AndroidPermission (376)
[2019.02.24-19.26.11:051][704]LogModuleManager: Shutting down and abandoning module NUTUnrealEngine4 (374)
[2019.02.24-19.26.11:051][704]LogModuleManager: Shutting down and abandoning module NetcodeUnitTest (372)
[2019.02.24-19.26.11:051][704]LogModuleManager: Shutting down and abandoning module MediaCompositingEditor (370)
[2019.02.24-19.26.11:051][704]LogModuleManager: Shutting down and abandoning module MediaCompositing (368)
[2019.02.24-19.26.11:051][704]LogModuleManager: Shutting down and abandoning module LinearTimecode (366)
[2019.02.24-19.26.11:051][704]LogModuleManager: Shutting down and abandoning module ImgMedia (364)
[2019.02.24-19.26.11:054][704]LogModuleManager: Shutting down and abandoning module HTML5Networking (362)
[2019.02.24-19.26.11:054][704]LogModuleManager: Shutting down and abandoning module GeometryCacheTracks (360)
[2019.02.24-19.26.11:054][704]LogModuleManager: Shutting down and abandoning module GeometryCacheSequencer (358)
[2019.02.24-19.26.11:054][704]LogModuleManager: Shutting down and abandoning module BackChannel (356)
[2019.02.24-19.26.11:054][704]LogModuleManager: Shutting down and abandoning module AppleVision (354)
[2019.02.24-19.26.11:054][704]LogModuleManager: Shutting down and abandoning module AppleImageUtils (352)
[2019.02.24-19.26.11:054][704]LogModuleManager: Shutting down and abandoning module AlembicImporter (350)
[2019.02.24-19.26.11:054][704]LogModuleManager: Shutting down and abandoning module AlembicLibrary (349)
[2019.02.24-19.26.11:054][704]LogModuleManager: Shutting down and abandoning module GeometryCache (348)
[2019.02.24-19.26.11:054][704]LogModuleManager: Shutting down and abandoning module GeometryCacheEd (347)
[2019.02.24-19.26.11:054][704]LogModuleManager: Shutting down and abandoning module DatasmithContentEditor (342)
[2019.02.24-19.26.11:054][704]LogModuleManager: Shutting down and abandoning module DatasmithContent (340)
[2019.02.24-19.26.11:054][704]LogModuleManager: Shutting down and abandoning module SpeedTreeImporter (338)
[2019.02.24-19.26.11:054][704]LogModuleManager: Shutting down and abandoning module PluginBrowser (336)
[2019.02.24-19.26.11:054][704]LogModuleManager: Shutting down and abandoning module MobileLauncherProfileWizard (334)
[2019.02.24-19.26.11:054][704]LogModuleManager: Shutting down and abandoning module PolygonModeling (332)
[2019.02.24-19.26.11:054][704]LogModuleManager: Shutting down and abandoning module MeshEditor (330)
[2019.02.24-19.26.11:054][704]LogModuleManager: Shutting down and abandoning module CryptoKeysOpenSSL (328)
[2019.02.24-19.26.11:054][704]LogModuleManager: Shutting down and abandoning module CryptoKeys (326)
[2019.02.24-19.26.11:054][704]LogModuleManager: Shutting down and abandoning module VisualStudioSourceCodeAccess (324)
[2019.02.24-19.26.11:054][704]LogModuleManager: Shutting down and abandoning module VisualStudioCodeSourceCodeAccess (322)
[2019.02.24-19.26.11:054][704]LogModuleManager: Shutting down and abandoning module UObjectPlugin (320)
[2019.02.24-19.26.11:054][704]LogModuleManager: Shutting down and abandoning module SubversionSourceControl (318)
[2019.02.24-19.26.11:054][704]LogModuleManager: Shutting down and abandoning module PerforceSourceControl (316)
[2019.02.24-19.26.11:054][704]LogModuleManager: Shutting down and abandoning module GitSourceControl (314)
[2019.02.24-19.26.11:054][704]LogModuleManager: Shutting down and abandoning module SourceControl (313)
[2019.02.24-19.26.11:054][704]LogModuleManager: Shutting down and abandoning module CLionSourceCodeAccess (310)
[2019.02.24-19.26.11:054][704]LogModuleManager: Shutting down and abandoning module LightPropagationVolumeEditor (308)
[2019.02.24-19.26.11:054][704]LogModuleManager: Shutting down and abandoning module PaperTiledImporter (306)
[2019.02.24-19.26.11:054][704]LogModuleManager: Shutting down and abandoning module PaperSpriteSheetImporter (304)
[2019.02.24-19.26.11:054][704]LogModuleManager: Shutting down and abandoning module Paper2DEditor (302)
[2019.02.24-19.26.11:055][704]LogModuleManager: Shutting down and abandoning module MeshPaint (301)
[2019.02.24-19.26.11:055][704]LogModuleManager: Shutting down and abandoning module RuntimePhysXCooking (298)
[2019.02.24-19.26.11:055][704]LogModuleManager: Shutting down and abandoning module PhysXVehiclesEditor (296)
[2019.02.24-19.26.11:055][704]LogModuleManager: Shutting down and abandoning module PhysXVehicles (294)
[2019.02.24-19.26.11:055][704]LogModuleManager: Shutting down and abandoning module OculusEditor (292)
[2019.02.24-19.26.11:055][704]LogModuleManager: Shutting down and abandoning module LocationServicesBPLibrary (290)
[2019.02.24-19.26.11:055][704]LogModuleManager: Shutting down and abandoning module ImmediatePhysicsEditor (288)
[2019.02.24-19.26.11:055][704]LogModuleManager: Shutting down and abandoning module ImmediatePhysics (286)
[2019.02.24-19.26.11:055][704]LogModuleManager: Shutting down and abandoning module ActorSequence (284)
[2019.02.24-19.26.11:055][704]LogModuleManager: Shutting down and abandoning module UdpMessaging (282)
[2019.02.24-19.26.11:156][704]LogModuleManager: Shutting down and abandoning module TcpMessaging (280)
[2019.02.24-19.26.11:257][704]LogModuleManager: Shutting down and abandoning module MagicLeapAudio (278)
[2019.02.24-19.26.11:257][704]LogModuleManager: Shutting down and abandoning module GameplayTagsEditor (276)
[2019.02.24-19.26.11:257][704]LogModuleManager: Shutting down and abandoning module FacialAnimationEditor (274)
[2019.02.24-19.26.11:257][704]LogModuleManager: Shutting down and abandoning module FacialAnimation (272)
[2019.02.24-19.26.11:257][704]LogModuleManager: Shutting down and abandoning module DataValidation (270)
[2019.02.24-19.26.11:257][704]LogModuleManager: Shutting down and abandoning module AssetManagerEditor (268)
[2019.02.24-19.26.11:257][704]LogModuleManager: Shutting down and abandoning module LevelEditor (267)
[2019.02.24-19.26.11:257][704]LogModuleManager: Shutting down and abandoning module PixelInspectorModule (266)
[2019.02.24-19.26.11:257][704]LogModuleManager: Shutting down and abandoning module CommonMenuExtensions (264)
[2019.02.24-19.26.11:257][704]LogModuleManager: Shutting down and abandoning module MainFrame (262)
[2019.02.24-19.26.11:257][704]LogModuleManager: Shutting down and abandoning module HotReload (261)
[2019.02.24-19.26.11:258][704]LogModuleManager: Shutting down and abandoning module ContentBrowser (257)
[2019.02.24-19.26.11:258][704]LogModuleManager: Shutting down and abandoning module TreeMap (255)
[2019.02.24-19.26.11:258][704]LogModuleManager: Shutting down and abandoning module LightPropagationVolumeRuntime (252)
[2019.02.24-19.26.11:258][704]LogModuleManager: Shutting down and abandoning module AISupportModule (250)
[2019.02.24-19.26.11:258][704]LogModuleManager: Shutting down and abandoning module Paper2D (248)
[2019.02.24-19.26.11:258][704]LogModuleManager: Shutting down and abandoning module WindowsMoviePlayer (246)
[2019.02.24-19.26.11:258][704]LogModuleManager: Shutting down and abandoning module WmfMedia (244)
[2019.02.24-19.26.11:261][704]LogModuleManager: Shutting down and abandoning module Media (243)
[2019.02.24-19.26.11:266][704]LogModuleManager: Shutting down and abandoning module PacketHandler (240)
[2019.02.24-19.26.11:266][704]LogModuleManager: Shutting down and abandoning module ClothingSystemEditor (238)
[2019.02.24-19.26.11:266][704]LogModuleManager: Shutting down and abandoning module ClothingSystemRuntime (236)
[2019.02.24-19.26.11:266][704]LogModuleManager: Shutting down and abandoning module MediaAssets (234)
[2019.02.24-19.26.11:266][704]LogModuleManager: Shutting down and abandoning module Overlay (232)
[2019.02.24-19.26.11:266][704]LogModuleManager: Shutting down and abandoning module OverlayEditor (231)
[2019.02.24-19.26.11:266][704]LogModuleManager: Shutting down and abandoning module VREditor (228)
[2019.02.24-19.26.11:266][704]LogModuleManager: Shutting down and abandoning module StringTableEditor (226)
[2019.02.24-19.26.11:266][704]LogModuleManager: Shutting down and abandoning module GameplayTasksEditor (224)
[2019.02.24-19.26.11:266][704]LogModuleManager: Shutting down and abandoning module BehaviorTreeEditor (222)
[2019.02.24-19.26.11:266][704]LogModuleManager: Shutting down and abandoning module FunctionalTesting (220)
[2019.02.24-19.26.11:266][704]LogModuleManager: Shutting down and abandoning module CollisionAnalyzer (218)
[2019.02.24-19.26.11:266][704]LogModuleManager: Shutting down and abandoning module WorkspaceMenuStructure (217)
[2019.02.24-19.26.11:266][704]LogModuleManager: Shutting down and abandoning module UMG (214)
[2019.02.24-19.26.11:266][704]LogModuleManager: Shutting down and abandoning module UMGEditor (213)
[2019.02.24-19.26.11:266][704]LogModuleManager: Shutting down and abandoning module Sequencer (212)
[2019.02.24-19.26.11:266][704]LogModuleManager: Shutting down and abandoning module MessageLog (209)
[2019.02.24-19.26.11:266][704]LogModuleManager: Shutting down and abandoning module SlateReflector (204)
[2019.02.24-19.26.11:266][704]LogModuleManager: Shutting down and abandoning module Slate (202)
[2019.02.24-19.26.11:266][704]LogModuleManager: Shutting down and abandoning module EditorStyle (200)
[2019.02.24-19.26.11:267][704]LogModuleManager: Shutting down and abandoning module MRMesh (198)
[2019.02.24-19.26.11:267][704]LogModuleManager: Shutting down and abandoning module SourceCodeAccess (196)
[2019.02.24-19.26.11:267][704]LogModuleManager: Shutting down and abandoning module HeadMountedDisplay (194)
[2019.02.24-19.26.11:267][704]LogModuleManager: Shutting down and abandoning module XAudio2 (192)
[2019.02.24-19.26.11:267][704]LogModuleManager: Shutting down and abandoning module Networking (190)
[2019.02.24-19.26.11:267][704]LogModuleManager: Shutting down and abandoning module Core (188)
[2019.02.24-19.26.11:267][704]LogModuleManager: Shutting down and abandoning module LevelSequence (186)
[2019.02.24-19.26.11:267][704]LogModuleManager: Shutting down and abandoning module KismetCompiler (184)
[2019.02.24-19.26.11:267][704]LogModuleManager: Shutting down and abandoning module MeshUtilities (182)
[2019.02.24-19.26.11:267][704]LogModuleManager: Shutting down and abandoning module MeshMergeUtilities (181)
[2019.02.24-19.26.11:267][704]LogModuleManager: Shutting down and abandoning module MeshReductionInterface (180)
[2019.02.24-19.26.11:267][704]LogModuleManager: Shutting down and abandoning module SimplygonSwarm (179)
[2019.02.24-19.26.11:267][704]LogModuleManager: Shutting down and abandoning module ProxyLODMeshReduction (177)
[2019.02.24-19.26.11:267][704]LogModuleManager: Shutting down and abandoning module SimplygonMeshReduction (175)
[2019.02.24-19.26.11:267][704]LogModuleManager: Shutting down and abandoning module QuadricMeshReduction (173)
[2019.02.24-19.26.11:267][704]LogModuleManager: Shutting down and abandoning module MaterialBaking (169)
[2019.02.24-19.26.11:267][704]LogModuleManager: Shutting down and abandoning module DirectoryWatcher (165)
[2019.02.24-19.26.11:267][704]LogModuleManager: Shutting down and abandoning module DerivedDataCache (162)
[2019.02.24-19.26.11:293][704]LogDerivedDataCache: Shutdown
[2019.02.24-19.26.11:293][704]LogModuleManager: Shutting down and abandoning module XGEController (160)
[2019.02.24-19.26.11:293][704]LogModuleManager: Shutting down and abandoning module TargetPlatform (158)
[2019.02.24-19.26.11:293][704]LogModuleManager: Shutting down and abandoning module VulkanShaderFormat (157)
[2019.02.24-19.26.11:293][704]LogModuleManager: Shutting down and abandoning module ShaderFormatVectorVM (155)
[2019.02.24-19.26.11:293][704]LogModuleManager: Shutting down and abandoning module ShaderFormatOpenGL (153)
[2019.02.24-19.26.11:293][704]LogModuleManager: Shutting down and abandoning module ShaderFormatD3D (151)
[2019.02.24-19.26.11:293][704]LogModuleManager: Shutting down and abandoning module MetalShaderFormat (149)
[2019.02.24-19.26.11:293][704]LogModuleManager: Shutting down and abandoning module TextureFormatUncompressed (147)
[2019.02.24-19.26.11:293][704]LogModuleManager: Shutting down and abandoning module TextureFormatPVR (145)
[2019.02.24-19.26.11:293][704]LogModuleManager: Shutting down and abandoning module TextureFormatDXT (143)
[2019.02.24-19.26.11:293][704]LogModuleManager: Shutting down and abandoning module TextureFormatIntelISPCTexComp (141)
[2019.02.24-19.26.11:293][704]LogModuleManager: Shutting down and abandoning module TextureFormatASTC (139)
[2019.02.24-19.26.11:293][704]LogModuleManager: Shutting down and abandoning module ImageWrapper (138)
[2019.02.24-19.26.11:293][704]LogModuleManager: Shutting down and abandoning module TextureFormatAndroid (135)
[2019.02.24-19.26.11:293][704]LogModuleManager: Shutting down and abandoning module AudioFormatOpus (133)
[2019.02.24-19.26.11:293][704]LogModuleManager: Shutting down and abandoning module AudioFormatOgg (131)
[2019.02.24-19.26.11:293][704]LogModuleManager: Shutting down and abandoning module AudioFormatADPCM (129)
[2019.02.24-19.26.11:293][704]LogModuleManager: Shutting down and abandoning module LuminTargetPlatform (127)
[2019.02.24-19.26.11:293][704]LogModuleManager: Shutting down and abandoning module LinuxTargetPlatform (125)
[2019.02.24-19.26.11:293][704]LogModuleManager: Shutting down and abandoning module LinuxServerTargetPlatform (123)
[2019.02.24-19.26.11:294][704]LogModuleManager: Shutting down and abandoning module LinuxNoEditorTargetPlatform (121)
[2019.02.24-19.26.11:294][704]LogModuleManager: Shutting down and abandoning module LinuxClientTargetPlatform (119)
[2019.02.24-19.26.11:294][704]LogModuleManager: Shutting down and abandoning module TVOSTargetPlatform (117)
[2019.02.24-19.26.11:294][704]LogModuleManager: Shutting down and abandoning module Messaging (115)
[2019.02.24-19.26.11:294][704]LogModuleManager: Shutting down and abandoning module IOSTargetPlatform (113)
[2019.02.24-19.26.11:295][704]LogModuleManager: Shutting down and abandoning module HTML5TargetPlatform (111)
[2019.02.24-19.26.11:295][704]LogModuleManager: Shutting down and abandoning module AndroidTargetPlatform (109)
[2019.02.24-19.26.11:299][704]LogModuleManager: Shutting down and abandoning module WindowsTargetPlatform (107)
[2019.02.24-19.26.11:299][704]LogModuleManager: Shutting down and abandoning module WindowsServerTargetPlatform (105)
[2019.02.24-19.26.11:299][704]LogModuleManager: Shutting down and abandoning module WindowsNoEditorTargetPlatform (103)
[2019.02.24-19.26.11:299][704]LogModuleManager: Shutting down and abandoning module WindowsClientTargetPlatform (101)
[2019.02.24-19.26.11:299][704]LogModuleManager: Shutting down and abandoning module MacTargetPlatform (99)
[2019.02.24-19.26.11:299][704]LogModuleManager: Shutting down and abandoning module MacServerTargetPlatform (97)
[2019.02.24-19.26.11:299][704]LogModuleManager: Shutting down and abandoning module MacNoEditorTargetPlatform (95)
[2019.02.24-19.26.11:299][704]LogModuleManager: Shutting down and abandoning module MacClientTargetPlatform (93)
[2019.02.24-19.26.11:299][704]LogModuleManager: Shutting down and abandoning module AllDesktopTargetPlatform (91)
[2019.02.24-19.26.11:299][704]LogModuleManager: Shutting down and abandoning module InputCore (88)
[2019.02.24-19.26.11:299][704]LogModuleManager: Shutting down and abandoning module Settings (86)
[2019.02.24-19.26.11:299][704]LogModuleManager: Shutting down and abandoning module PhysXCooking (84)
[2019.02.24-19.26.11:299][704]LogModuleManager: Shutting down and abandoning module SteamVR (82)
[2019.02.24-19.26.11:299][704]LogModuleManager: Shutting down and abandoning module OculusHMD (80)
[2019.02.24-19.26.11:299][704]LogModuleManager: Shutting down and abandoning module ExampleDeviceProfileSelector (78)
[2019.02.24-19.26.11:299][704]LogModuleManager: Shutting down and abandoning module LauncherChunkInstaller (76)
[2019.02.24-19.26.11:299][704]LogModuleManager: Shutting down and abandoning module OnlineBlueprintSupport (74)
[2019.02.24-19.26.11:299][704]LogModuleManager: Shutting down and abandoning module OnlineSubsystem (70)
[2019.02.24-19.26.11:299][704]LogModuleManager: Shutting down and abandoning module XMPP (65)
[2019.02.24-19.26.11:300][704]LogModuleManager: Shutting down and abandoning module WebSockets (64)
[2019.02.24-19.26.11:321][704]LogModuleManager: Shutting down and abandoning module HTTP (61)
[2019.02.24-19.26.11:321][704]LogHttp: Display: Http module shutting down, but needs to wait on 1 outstanding Http requests:
[2019.02.24-19.26.11:321][704]LogHttp: Display: 	verb=[POST] url=[https://datarouter.ol.epicgames.com/datarouter/api/v1/public/data?SessionID=%7BCE130056-40CD-95C5-278C-75853C8DCB01%7D&AppID=UEEditor.Rocket.Release&AppVersion=4.20.3-4369336%2B%2B%2BUE4%2BRelease-4.20&UserID=8113ff2540660684698574bdac973bd2%7C22e83559fb2f44d7afd861775858fefd%7Ccdf0e428-f2bb-473e-8681-75084351fe26&AppEnvironment=datacollector-binary&UploadType=eteventstream] status=Processing
[2019.02.24-19.26.11:341][704]LogModuleManager: Shutting down and abandoning module SSL (60)
[2019.02.24-19.26.11:342][704]LogModuleManager: Shutting down and abandoning module MagicLeapEmulator (56)
[2019.02.24-19.26.11:342][704]LogModuleManager: Shutting down and abandoning module MagicLeapPrivileges (54)
[2019.02.24-19.26.11:342][704]LogModuleManager: Shutting down and abandoning module MagicLeapIdentity (52)
[2019.02.24-19.26.11:342][704]LogModuleManager: Shutting down and abandoning module MagicLeapHelperVulkan (50)
[2019.02.24-19.26.11:342][704]LogModuleManager: Shutting down and abandoning module MagicLeapHelperOpenGL (48)
[2019.02.24-19.26.11:342][704]LogModuleManager: Shutting down and abandoning module MagicLeapSecureStorage (46)
[2019.02.24-19.26.11:342][704]LogModuleManager: Shutting down and abandoning module MagicLeapGestures (44)
[2019.02.24-19.26.11:342][704]LogModuleManager: Shutting down and abandoning module MagicLeapEyeTracker (42)
[2019.02.24-19.26.11:342][704]LogModuleManager: Shutting down and abandoning module MagicLeapController (40)
[2019.02.24-19.26.11:342][704]LogSlate: Slate User Destroyed.  User Index 0, Is Virtual User: 0
[2019.02.24-19.26.11:342][704]LogModuleManager: Shutting down and abandoning module MagicLeap (38)
[2019.02.24-19.26.11:342][704]LogModuleManager: Shutting down and abandoning module AnimationModifiers (36)
[2019.02.24-19.26.11:342][704]LogModuleManager: Shutting down and abandoning module PropertyEditor (35)
[2019.02.24-19.26.11:342][704]LogModuleManager: Shutting down and abandoning module AudioEditor (32)
[2019.02.24-19.26.11:342][704]LogModuleManager: Shutting down and abandoning module TextureCompressor (30)
[2019.02.24-19.26.11:342][704]LogModuleManager: Shutting down and abandoning module ShaderCore (28)
[2019.02.24-19.26.11:342][704]LogModuleManager: Shutting down and abandoning module Landscape (26)
[2019.02.24-19.26.11:342][704]LogModuleManager: Shutting down and abandoning module SlateRHIRenderer (24)
[2019.02.24-19.26.11:343][704]LogModuleManager: Shutting down and abandoning module OpenGLDrv (22)
[2019.02.24-19.26.11:343][704]LogModuleManager: Shutting down and abandoning module D3D11RHI (20)
[2019.02.24-19.26.11:343][704]LogModuleManager: Shutting down and abandoning module AnimGraphRuntime (18)
[2019.02.24-19.26.11:343][704]LogModuleManager: Shutting down and abandoning module Renderer (16)
[2019.02.24-19.26.11:343][704]LogModuleManager: Shutting down and abandoning module Engine (14)
[2019.02.24-19.26.11:343][704]LogModuleManager: Shutting down and abandoning module CoreUObject (12)
[2019.02.24-19.26.11:343][704]LogModuleManager: Shutting down and abandoning module NetworkFile (10)
[2019.02.24-19.26.11:343][704]LogModuleManager: Shutting down and abandoning module CookedIterativeFile (8)
[2019.02.24-19.26.11:343][704]LogModuleManager: Shutting down and abandoning module StreamingFile (6)
[2019.02.24-19.26.11:343][704]LogModuleManager: Shutting down and abandoning module SandboxFile (4)
[2019.02.24-19.26.11:343][704]LogModuleManager: Shutting down and abandoning module PakFile (2)
[2019.02.24-19.26.11:347][704]LogExit: Exiting.
[2019.02.24-19.26.11:359][704]Log file closed, 02/24/19 12:26:11
